The system is: Linux - 4.15.0-54-generic - x86_64
Compiling the C compiler identification source file "CMakeCCompilerId.c" succeeded.
Compiler: /usr/bin/cc 
Build flags: 
Id flags:  

The output was:
0


Compilation of the C compiler identification source "CMakeCCompilerId.c" produced "a.out"

The C compiler identification is GNU, found in "/home/sathvik/hpcc/HPCC-Platform/build/CMakeFiles/3.14.3/CompilerIdC/a.out"

Compiling the CXX compiler identification source file "CMakeCXXCompilerId.cpp" succeeded.
Compiler: /usr/bin/c++ 
Build flags: 
Id flags:  

The output was:
0


Compilation of the CXX compiler identification source "CMakeCXXCompilerId.cpp" produced "a.out"

The CXX compiler identification is GNU, found in "/home/sathvik/hpcc/HPCC-Platform/build/CMakeFiles/3.14.3/CompilerIdCXX/a.out"

The system is: Linux - 4.15.0-54-generic - x86_64
Compiling the C compiler identification source file "CMakeCCompilerId.c" succeeded.
Compiler: /usr/bin/cc 
Build flags: 
Id flags:  

The output was:
0


Compilation of the C compiler identification source "CMakeCCompilerId.c" produced "a.out"

The C compiler identification is GNU, found in "/home/sathvik/hpcc/HPCC-Platform/build/CMakeFiles/3.14.3/CompilerIdC/a.out"

Compiling the CXX compiler identification source file "CMakeCXXCompilerId.cpp" succeeded.
Compiler: /usr/bin/c++ 
Build flags: 
Id flags:  

The output was:
0


Compilation of the CXX compiler identification source "CMakeCXXCompilerId.cpp" produced "a.out"

The CXX compiler identification is GNU, found in "/home/sathvik/hpcc/HPCC-Platform/build/CMakeFiles/3.14.3/CompilerIdCXX/a.out"

Determining if the C compiler works passed with the following output:
Change Dir: /home/sathvik/hpcc/HPCC-Platform/build/CMakeFiles/CMakeTmp

Run Build Command(s):/usr/bin/make cmTC_f1275/fast 
/usr/bin/make -f CMakeFiles/cmTC_f1275.dir/build.make CMakeFiles/cmTC_f1275.dir/build
make[1]: Entering directory '/home/sathvik/hpcc/HPCC-Platform/build/CMakeFiles/CMakeTmp'
Building C object CMakeFiles/cmTC_f1275.dir/testCCompiler.c.o
/usr/bin/cc    -o CMakeFiles/cmTC_f1275.dir/testCCompiler.c.o   -c /home/sathvik/hpcc/HPCC-Platform/build/CMakeFiles/CMakeTmp/testCCompiler.c
Linking C executable cmTC_f1275
/usr/local/bin/cmake -E cmake_link_script CMakeFiles/cmTC_f1275.dir/link.txt --verbose=1
/usr/bin/cc      -rdynamic CMakeFiles/cmTC_f1275.dir/testCCompiler.c.o  -o cmTC_f1275 
make[1]: Leaving directory '/home/sathvik/hpcc/HPCC-Platform/build/CMakeFiles/CMakeTmp'


Detecting C compiler ABI info compiled with the following output:
Change Dir: /home/sathvik/hpcc/HPCC-Platform/build/CMakeFiles/CMakeTmp

Run Build Command(s):/usr/bin/make cmTC_35f4c/fast 
/usr/bin/make -f CMakeFiles/cmTC_35f4c.dir/build.make CMakeFiles/cmTC_35f4c.dir/build
make[1]: Entering directory '/home/sathvik/hpcc/HPCC-Platform/build/CMakeFiles/CMakeTmp'
Building C object CMakeFiles/cmTC_35f4c.dir/CMakeCCompilerABI.c.o
/usr/bin/cc   -v -o CMakeFiles/cmTC_35f4c.dir/CMakeCCompilerABI.c.o   -c /usr/local/share/cmake-3.14/Modules/CMakeCCompilerABI.c
Using built-in specs.
COLLECT_GCC=/usr/bin/cc
OFFLOAD_TARGET_NAMES=nvptx-none
OFFLOAD_TARGET_DEFAULT=1
Target: x86_64-linux-gnu
Configured with: ../src/configure -v --with-pkgversion='Ubuntu 7.4.0-1ubuntu1~18.04.1' --with-bugurl=file:///usr/share/doc/gcc-7/README.Bugs --enable-languages=c,ada,c++,go,brig,d,fortran,objc,obj-c++ --prefix=/usr --with-gcc-major-version-only --program-suffix=-7 --program-prefix=x86_64-linux-gnu- --enable-shared --enable-linker-build-id --libexecdir=/usr/lib --without-included-gettext --enable-threads=posix --libdir=/usr/lib --enable-nls --with-sysroot=/ --enable-clocale=gnu --enable-libstdcxx-debug --enable-libstdcxx-time=yes --with-default-libstdcxx-abi=new --enable-gnu-unique-object --disable-vtable-verify --enable-libmpx --enable-plugin --enable-default-pie --with-system-zlib --with-target-system-zlib --enable-objc-gc=auto --enable-multiarch --disable-werror --with-arch-32=i686 --with-abi=m64 --with-multilib-list=m32,m64,mx32 --enable-multilib --with-tune=generic --enable-offload-targets=nvptx-none --without-cuda-driver --enable-checking=release --build=x86_64-linux-gnu --host=x86_64-linux-gnu --target=x86_64-linux-gnu
Thread model: posix
gcc version 7.4.0 (Ubuntu 7.4.0-1ubuntu1~18.04.1) 
COLLECT_GCC_OPTIONS='-v' '-o' 'CMakeFiles/cmTC_35f4c.dir/CMakeCCompilerABI.c.o' '-c' '-mtune=generic' '-march=x86-64'
 /usr/lib/gcc/x86_64-linux-gnu/7/cc1 -quiet -v -imultiarch x86_64-linux-gnu /usr/local/share/cmake-3.14/Modules/CMakeCCompilerABI.c -quiet -dumpbase CMakeCCompilerABI.c -mtune=generic -march=x86-64 -auxbase-strip CMakeFiles/cmTC_35f4c.dir/CMakeCCompilerABI.c.o -version -fstack-protector-strong -Wformat -Wformat-security -o /tmp/ccdTB82w.s
GNU C11 (Ubuntu 7.4.0-1ubuntu1~18.04.1) version 7.4.0 (x86_64-linux-gnu)
	compiled by GNU C version 7.4.0, GMP version 6.1.2, MPFR version 4.0.1, MPC version 1.1.0, isl version isl-0.19-GMP

GGC heuristics: --param ggc-min-expand=100 --param ggc-min-heapsize=131072
ignoring nonexistent directory "/usr/local/include/x86_64-linux-gnu"
ignoring nonexistent directory "/usr/lib/gcc/x86_64-linux-gnu/7/../../../../x86_64-linux-gnu/include"
#include "..." search starts here:
#include <...> search starts here:
 /usr/lib/gcc/x86_64-linux-gnu/7/include
 /usr/local/include
 /usr/lib/gcc/x86_64-linux-gnu/7/include-fixed
 /usr/include/x86_64-linux-gnu
 /usr/include
End of search list.
GNU C11 (Ubuntu 7.4.0-1ubuntu1~18.04.1) version 7.4.0 (x86_64-linux-gnu)
	compiled by GNU C version 7.4.0, GMP version 6.1.2, MPFR version 4.0.1, MPC version 1.1.0, isl version isl-0.19-GMP

GGC heuristics: --param ggc-min-expand=100 --param ggc-min-heapsize=131072
Compiler executable checksum: fa57db1fe2d756b22d454aa8428fd3bd
COLLECT_GCC_OPTIONS='-v' '-o' 'CMakeFiles/cmTC_35f4c.dir/CMakeCCompilerABI.c.o' '-c' '-mtune=generic' '-march=x86-64'
 as -v --64 -o CMakeFiles/cmTC_35f4c.dir/CMakeCCompilerABI.c.o /tmp/ccdTB82w.s
GNU assembler version 2.30 (x86_64-linux-gnu) using BFD version (GNU Binutils for Ubuntu) 2.30
COMPILER_PATH=/usr/lib/gcc/x86_64-linux-gnu/7/:/usr/lib/gcc/x86_64-linux-gnu/7/:/usr/lib/gcc/x86_64-linux-gnu/:/usr/lib/gcc/x86_64-linux-gnu/7/:/usr/lib/gcc/x86_64-linux-gnu/
LIBRARY_PATH=/usr/lib/gcc/x86_64-linux-gnu/7/:/usr/lib/gcc/x86_64-linux-gnu/7/../../../x86_64-linux-gnu/:/usr/lib/gcc/x86_64-linux-gnu/7/../../../../lib/:/lib/x86_64-linux-gnu/:/lib/../lib/:/usr/lib/x86_64-linux-gnu/:/usr/lib/../lib/:/usr/lib/gcc/x86_64-linux-gnu/7/../../../:/lib/:/usr/lib/
COLLECT_GCC_OPTIONS='-v' '-o' 'CMakeFiles/cmTC_35f4c.dir/CMakeCCompilerABI.c.o' '-c' '-mtune=generic' '-march=x86-64'
Linking C executable cmTC_35f4c
/usr/local/bin/cmake -E cmake_link_script CMakeFiles/cmTC_35f4c.dir/link.txt --verbose=1
/usr/bin/cc     -v -rdynamic CMakeFiles/cmTC_35f4c.dir/CMakeCCompilerABI.c.o  -o cmTC_35f4c 
Using built-in specs.
COLLECT_GCC=/usr/bin/cc
COLLECT_LTO_WRAPPER=/usr/lib/gcc/x86_64-linux-gnu/7/lto-wrapper
OFFLOAD_TARGET_NAMES=nvptx-none
OFFLOAD_TARGET_DEFAULT=1
Target: x86_64-linux-gnu
Configured with: ../src/configure -v --with-pkgversion='Ubuntu 7.4.0-1ubuntu1~18.04.1' --with-bugurl=file:///usr/share/doc/gcc-7/README.Bugs --enable-languages=c,ada,c++,go,brig,d,fortran,objc,obj-c++ --prefix=/usr --with-gcc-major-version-only --program-suffix=-7 --program-prefix=x86_64-linux-gnu- --enable-shared --enable-linker-build-id --libexecdir=/usr/lib --without-included-gettext --enable-threads=posix --libdir=/usr/lib --enable-nls --with-sysroot=/ --enable-clocale=gnu --enable-libstdcxx-debug --enable-libstdcxx-time=yes --with-default-libstdcxx-abi=new --enable-gnu-unique-object --disable-vtable-verify --enable-libmpx --enable-plugin --enable-default-pie --with-system-zlib --with-target-system-zlib --enable-objc-gc=auto --enable-multiarch --disable-werror --with-arch-32=i686 --with-abi=m64 --with-multilib-list=m32,m64,mx32 --enable-multilib --with-tune=generic --enable-offload-targets=nvptx-none --without-cuda-driver --enable-checking=release --build=x86_64-linux-gnu --host=x86_64-linux-gnu --target=x86_64-linux-gnu
Thread model: posix
gcc version 7.4.0 (Ubuntu 7.4.0-1ubuntu1~18.04.1) 
COMPILER_PATH=/usr/lib/gcc/x86_64-linux-gnu/7/:/usr/lib/gcc/x86_64-linux-gnu/7/:/usr/lib/gcc/x86_64-linux-gnu/:/usr/lib/gcc/x86_64-linux-gnu/7/:/usr/lib/gcc/x86_64-linux-gnu/
LIBRARY_PATH=/usr/lib/gcc/x86_64-linux-gnu/7/:/usr/lib/gcc/x86_64-linux-gnu/7/../../../x86_64-linux-gnu/:/usr/lib/gcc/x86_64-linux-gnu/7/../../../../lib/:/lib/x86_64-linux-gnu/:/lib/../lib/:/usr/lib/x86_64-linux-gnu/:/usr/lib/../lib/:/usr/lib/gcc/x86_64-linux-gnu/7/../../../:/lib/:/usr/lib/
COLLECT_GCC_OPTIONS='-v' '-rdynamic' '-o' 'cmTC_35f4c' '-mtune=generic' '-march=x86-64'
 /usr/lib/gcc/x86_64-linux-gnu/7/collect2 -plugin /usr/lib/gcc/x86_64-linux-gnu/7/liblto_plugin.so -plugin-opt=/usr/lib/gcc/x86_64-linux-gnu/7/lto-wrapper -plugin-opt=-fresolution=/tmp/ccFxGw2C.res -plugin-opt=-pass-through=-lgcc -plugin-opt=-pass-through=-lgcc_s -plugin-opt=-pass-through=-lc -plugin-opt=-pass-through=-lgcc -plugin-opt=-pass-through=-lgcc_s --sysroot=/ --build-id --eh-frame-hdr -m elf_x86_64 --hash-style=gnu --as-needed -export-dynamic -dynamic-linker /lib64/ld-linux-x86-64.so.2 -pie -z now -z relro -o cmTC_35f4c /usr/lib/gcc/x86_64-linux-gnu/7/../../../x86_64-linux-gnu/Scrt1.o /usr/lib/gcc/x86_64-linux-gnu/7/../../../x86_64-linux-gnu/crti.o /usr/lib/gcc/x86_64-linux-gnu/7/crtbeginS.o -L/usr/lib/gcc/x86_64-linux-gnu/7 -L/usr/lib/gcc/x86_64-linux-gnu/7/../../../x86_64-linux-gnu -L/usr/lib/gcc/x86_64-linux-gnu/7/../../../../lib -L/lib/x86_64-linux-gnu -L/lib/../lib -L/usr/lib/x86_64-linux-gnu -L/usr/lib/../lib -L/usr/lib/gcc/x86_64-linux-gnu/7/../../.. CMakeFiles/cmTC_35f4c.dir/CMakeCCompilerABI.c.o -lgcc --push-state --as-needed -lgcc_s --pop-state -lc -lgcc --push-state --as-needed -lgcc_s --pop-state /usr/lib/gcc/x86_64-linux-gnu/7/crtendS.o /usr/lib/gcc/x86_64-linux-gnu/7/../../../x86_64-linux-gnu/crtn.o
COLLECT_GCC_OPTIONS='-v' '-rdynamic' '-o' 'cmTC_35f4c' '-mtune=generic' '-march=x86-64'
make[1]: Leaving directory '/home/sathvik/hpcc/HPCC-Platform/build/CMakeFiles/CMakeTmp'


Parsed C implicit include dir info from above output: rv=done
  found start of include info
  found start of implicit include info
    add: [/usr/lib/gcc/x86_64-linux-gnu/7/include]
    add: [/usr/local/include]
    add: [/usr/lib/gcc/x86_64-linux-gnu/7/include-fixed]
    add: [/usr/include/x86_64-linux-gnu]
    add: [/usr/include]
  end of search list found
  collapse include dir [/usr/lib/gcc/x86_64-linux-gnu/7/include] ==> [/usr/lib/gcc/x86_64-linux-gnu/7/include]
  collapse include dir [/usr/local/include] ==> [/usr/local/include]
  collapse include dir [/usr/lib/gcc/x86_64-linux-gnu/7/include-fixed] ==> [/usr/lib/gcc/x86_64-linux-gnu/7/include-fixed]
  collapse include dir [/usr/include/x86_64-linux-gnu] ==> [/usr/include/x86_64-linux-gnu]
  collapse include dir [/usr/include] ==> [/usr/include]
  implicit include dirs: [/usr/lib/gcc/x86_64-linux-gnu/7/include;/usr/local/include;/usr/lib/gcc/x86_64-linux-gnu/7/include-fixed;/usr/include/x86_64-linux-gnu;/usr/include]


Parsed C implicit link information from above output:
  link line regex: [^( *|.*[/\])(ld|CMAKE_LINK_STARTFILE-NOTFOUND|([^/\]+-)?ld|collect2)[^/\]*( |$)]
  ignore line: [Change Dir: /home/sathvik/hpcc/HPCC-Platform/build/CMakeFiles/CMakeTmp]
  ignore line: []
  ignore line: [Run Build Command(s):/usr/bin/make cmTC_35f4c/fast ]
  ignore line: [/usr/bin/make -f CMakeFiles/cmTC_35f4c.dir/build.make CMakeFiles/cmTC_35f4c.dir/build]
  ignore line: [make[1]: Entering directory '/home/sathvik/hpcc/HPCC-Platform/build/CMakeFiles/CMakeTmp']
  ignore line: [Building C object CMakeFiles/cmTC_35f4c.dir/CMakeCCompilerABI.c.o]
  ignore line: [/usr/bin/cc   -v -o CMakeFiles/cmTC_35f4c.dir/CMakeCCompilerABI.c.o   -c /usr/local/share/cmake-3.14/Modules/CMakeCCompilerABI.c]
  ignore line: [Using built-in specs.]
  ignore line: [COLLECT_GCC=/usr/bin/cc]
  ignore line: [OFFLOAD_TARGET_NAMES=nvptx-none]
  ignore line: [OFFLOAD_TARGET_DEFAULT=1]
  ignore line: [Target: x86_64-linux-gnu]
  ignore line: [Configured with: ../src/configure -v --with-pkgversion='Ubuntu 7.4.0-1ubuntu1~18.04.1' --with-bugurl=file:///usr/share/doc/gcc-7/README.Bugs --enable-languages=c,ada,c++,go,brig,d,fortran,objc,obj-c++ --prefix=/usr --with-gcc-major-version-only --program-suffix=-7 --program-prefix=x86_64-linux-gnu- --enable-shared --enable-linker-build-id --libexecdir=/usr/lib --without-included-gettext --enable-threads=posix --libdir=/usr/lib --enable-nls --with-sysroot=/ --enable-clocale=gnu --enable-libstdcxx-debug --enable-libstdcxx-time=yes --with-default-libstdcxx-abi=new --enable-gnu-unique-object --disable-vtable-verify --enable-libmpx --enable-plugin --enable-default-pie --with-system-zlib --with-target-system-zlib --enable-objc-gc=auto --enable-multiarch --disable-werror --with-arch-32=i686 --with-abi=m64 --with-multilib-list=m32,m64,mx32 --enable-multilib --with-tune=generic --enable-offload-targets=nvptx-none --without-cuda-driver --enable-checking=release --build=x86_64-linux-gnu --host=x86_64-linux-gnu --target=x86_64-linux-gnu]
  ignore line: [Thread model: posix]
  ignore line: [gcc version 7.4.0 (Ubuntu 7.4.0-1ubuntu1~18.04.1) ]
  ignore line: [COLLECT_GCC_OPTIONS='-v' '-o' 'CMakeFiles/cmTC_35f4c.dir/CMakeCCompilerABI.c.o' '-c' '-mtune=generic' '-march=x86-64']
  ignore line: [ /usr/lib/gcc/x86_64-linux-gnu/7/cc1 -quiet -v -imultiarch x86_64-linux-gnu /usr/local/share/cmake-3.14/Modules/CMakeCCompilerABI.c -quiet -dumpbase CMakeCCompilerABI.c -mtune=generic -march=x86-64 -auxbase-strip CMakeFiles/cmTC_35f4c.dir/CMakeCCompilerABI.c.o -version -fstack-protector-strong -Wformat -Wformat-security -o /tmp/ccdTB82w.s]
  ignore line: [GNU C11 (Ubuntu 7.4.0-1ubuntu1~18.04.1) version 7.4.0 (x86_64-linux-gnu)]
  ignore line: [	compiled by GNU C version 7.4.0, GMP version 6.1.2, MPFR version 4.0.1, MPC version 1.1.0, isl version isl-0.19-GMP]
  ignore line: []
  ignore line: [GGC heuristics: --param ggc-min-expand=100 --param ggc-min-heapsize=131072]
  ignore line: [ignoring nonexistent directory "/usr/local/include/x86_64-linux-gnu"]
  ignore line: [ignoring nonexistent directory "/usr/lib/gcc/x86_64-linux-gnu/7/../../../../x86_64-linux-gnu/include"]
  ignore line: [#include "..." search starts here:]
  ignore line: [#include <...> search starts here:]
  ignore line: [ /usr/lib/gcc/x86_64-linux-gnu/7/include]
  ignore line: [ /usr/local/include]
  ignore line: [ /usr/lib/gcc/x86_64-linux-gnu/7/include-fixed]
  ignore line: [ /usr/include/x86_64-linux-gnu]
  ignore line: [ /usr/include]
  ignore line: [End of search list.]
  ignore line: [GNU C11 (Ubuntu 7.4.0-1ubuntu1~18.04.1) version 7.4.0 (x86_64-linux-gnu)]
  ignore line: [	compiled by GNU C version 7.4.0, GMP version 6.1.2, MPFR version 4.0.1, MPC version 1.1.0, isl version isl-0.19-GMP]
  ignore line: []
  ignore line: [GGC heuristics: --param ggc-min-expand=100 --param ggc-min-heapsize=131072]
  ignore line: [Compiler executable checksum: fa57db1fe2d756b22d454aa8428fd3bd]
  ignore line: [COLLECT_GCC_OPTIONS='-v' '-o' 'CMakeFiles/cmTC_35f4c.dir/CMakeCCompilerABI.c.o' '-c' '-mtune=generic' '-march=x86-64']
  ignore line: [ as -v --64 -o CMakeFiles/cmTC_35f4c.dir/CMakeCCompilerABI.c.o /tmp/ccdTB82w.s]
  ignore line: [GNU assembler version 2.30 (x86_64-linux-gnu) using BFD version (GNU Binutils for Ubuntu) 2.30]
  ignore line: [COMPILER_PATH=/usr/lib/gcc/x86_64-linux-gnu/7/:/usr/lib/gcc/x86_64-linux-gnu/7/:/usr/lib/gcc/x86_64-linux-gnu/:/usr/lib/gcc/x86_64-linux-gnu/7/:/usr/lib/gcc/x86_64-linux-gnu/]
  ignore line: [LIBRARY_PATH=/usr/lib/gcc/x86_64-linux-gnu/7/:/usr/lib/gcc/x86_64-linux-gnu/7/../../../x86_64-linux-gnu/:/usr/lib/gcc/x86_64-linux-gnu/7/../../../../lib/:/lib/x86_64-linux-gnu/:/lib/../lib/:/usr/lib/x86_64-linux-gnu/:/usr/lib/../lib/:/usr/lib/gcc/x86_64-linux-gnu/7/../../../:/lib/:/usr/lib/]
  ignore line: [COLLECT_GCC_OPTIONS='-v' '-o' 'CMakeFiles/cmTC_35f4c.dir/CMakeCCompilerABI.c.o' '-c' '-mtune=generic' '-march=x86-64']
  ignore line: [Linking C executable cmTC_35f4c]
  ignore line: [/usr/local/bin/cmake -E cmake_link_script CMakeFiles/cmTC_35f4c.dir/link.txt --verbose=1]
  ignore line: [/usr/bin/cc     -v -rdynamic CMakeFiles/cmTC_35f4c.dir/CMakeCCompilerABI.c.o  -o cmTC_35f4c ]
  ignore line: [Using built-in specs.]
  ignore line: [COLLECT_GCC=/usr/bin/cc]
  ignore line: [COLLECT_LTO_WRAPPER=/usr/lib/gcc/x86_64-linux-gnu/7/lto-wrapper]
  ignore line: [OFFLOAD_TARGET_NAMES=nvptx-none]
  ignore line: [OFFLOAD_TARGET_DEFAULT=1]
  ignore line: [Target: x86_64-linux-gnu]
  ignore line: [Configured with: ../src/configure -v --with-pkgversion='Ubuntu 7.4.0-1ubuntu1~18.04.1' --with-bugurl=file:///usr/share/doc/gcc-7/README.Bugs --enable-languages=c,ada,c++,go,brig,d,fortran,objc,obj-c++ --prefix=/usr --with-gcc-major-version-only --program-suffix=-7 --program-prefix=x86_64-linux-gnu- --enable-shared --enable-linker-build-id --libexecdir=/usr/lib --without-included-gettext --enable-threads=posix --libdir=/usr/lib --enable-nls --with-sysroot=/ --enable-clocale=gnu --enable-libstdcxx-debug --enable-libstdcxx-time=yes --with-default-libstdcxx-abi=new --enable-gnu-unique-object --disable-vtable-verify --enable-libmpx --enable-plugin --enable-default-pie --with-system-zlib --with-target-system-zlib --enable-objc-gc=auto --enable-multiarch --disable-werror --with-arch-32=i686 --with-abi=m64 --with-multilib-list=m32,m64,mx32 --enable-multilib --with-tune=generic --enable-offload-targets=nvptx-none --without-cuda-driver --enable-checking=release --build=x86_64-linux-gnu --host=x86_64-linux-gnu --target=x86_64-linux-gnu]
  ignore line: [Thread model: posix]
  ignore line: [gcc version 7.4.0 (Ubuntu 7.4.0-1ubuntu1~18.04.1) ]
  ignore line: [COMPILER_PATH=/usr/lib/gcc/x86_64-linux-gnu/7/:/usr/lib/gcc/x86_64-linux-gnu/7/:/usr/lib/gcc/x86_64-linux-gnu/:/usr/lib/gcc/x86_64-linux-gnu/7/:/usr/lib/gcc/x86_64-linux-gnu/]
  ignore line: [LIBRARY_PATH=/usr/lib/gcc/x86_64-linux-gnu/7/:/usr/lib/gcc/x86_64-linux-gnu/7/../../../x86_64-linux-gnu/:/usr/lib/gcc/x86_64-linux-gnu/7/../../../../lib/:/lib/x86_64-linux-gnu/:/lib/../lib/:/usr/lib/x86_64-linux-gnu/:/usr/lib/../lib/:/usr/lib/gcc/x86_64-linux-gnu/7/../../../:/lib/:/usr/lib/]
  ignore line: [COLLECT_GCC_OPTIONS='-v' '-rdynamic' '-o' 'cmTC_35f4c' '-mtune=generic' '-march=x86-64']
  link line: [ /usr/lib/gcc/x86_64-linux-gnu/7/collect2 -plugin /usr/lib/gcc/x86_64-linux-gnu/7/liblto_plugin.so -plugin-opt=/usr/lib/gcc/x86_64-linux-gnu/7/lto-wrapper -plugin-opt=-fresolution=/tmp/ccFxGw2C.res -plugin-opt=-pass-through=-lgcc -plugin-opt=-pass-through=-lgcc_s -plugin-opt=-pass-through=-lc -plugin-opt=-pass-through=-lgcc -plugin-opt=-pass-through=-lgcc_s --sysroot=/ --build-id --eh-frame-hdr -m elf_x86_64 --hash-style=gnu --as-needed -export-dynamic -dynamic-linker /lib64/ld-linux-x86-64.so.2 -pie -z now -z relro -o cmTC_35f4c /usr/lib/gcc/x86_64-linux-gnu/7/../../../x86_64-linux-gnu/Scrt1.o /usr/lib/gcc/x86_64-linux-gnu/7/../../../x86_64-linux-gnu/crti.o /usr/lib/gcc/x86_64-linux-gnu/7/crtbeginS.o -L/usr/lib/gcc/x86_64-linux-gnu/7 -L/usr/lib/gcc/x86_64-linux-gnu/7/../../../x86_64-linux-gnu -L/usr/lib/gcc/x86_64-linux-gnu/7/../../../../lib -L/lib/x86_64-linux-gnu -L/lib/../lib -L/usr/lib/x86_64-linux-gnu -L/usr/lib/../lib -L/usr/lib/gcc/x86_64-linux-gnu/7/../../.. CMakeFiles/cmTC_35f4c.dir/CMakeCCompilerABI.c.o -lgcc --push-state --as-needed -lgcc_s --pop-state -lc -lgcc --push-state --as-needed -lgcc_s --pop-state /usr/lib/gcc/x86_64-linux-gnu/7/crtendS.o /usr/lib/gcc/x86_64-linux-gnu/7/../../../x86_64-linux-gnu/crtn.o]
    arg [/usr/lib/gcc/x86_64-linux-gnu/7/collect2] ==> ignore
    arg [-plugin] ==> ignore
    arg [/usr/lib/gcc/x86_64-linux-gnu/7/liblto_plugin.so] ==> ignore
    arg [-plugin-opt=/usr/lib/gcc/x86_64-linux-gnu/7/lto-wrapper] ==> ignore
    arg [-plugin-opt=-fresolution=/tmp/ccFxGw2C.res] ==> ignore
    arg [-plugin-opt=-pass-through=-lgcc] ==> ignore
    arg [-plugin-opt=-pass-through=-lgcc_s] ==> ignore
    arg [-plugin-opt=-pass-through=-lc] ==> ignore
    arg [-plugin-opt=-pass-through=-lgcc] ==> ignore
    arg [-plugin-opt=-pass-through=-lgcc_s] ==> ignore
    arg [--sysroot=/] ==> ignore
    arg [--build-id] ==> ignore
    arg [--eh-frame-hdr] ==> ignore
    arg [-m] ==> ignore
    arg [elf_x86_64] ==> ignore
    arg [--hash-style=gnu] ==> ignore
    arg [--as-needed] ==> ignore
    arg [-export-dynamic] ==> ignore
    arg [-dynamic-linker] ==> ignore
    arg [/lib64/ld-linux-x86-64.so.2] ==> ignore
    arg [-pie] ==> ignore
    arg [-znow] ==> ignore
    arg [-zrelro] ==> ignore
    arg [-o] ==> ignore
    arg [cmTC_35f4c] ==> ignore
    arg [/usr/lib/gcc/x86_64-linux-gnu/7/../../../x86_64-linux-gnu/Scrt1.o] ==> ignore
    arg [/usr/lib/gcc/x86_64-linux-gnu/7/../../../x86_64-linux-gnu/crti.o] ==> ignore
    arg [/usr/lib/gcc/x86_64-linux-gnu/7/crtbeginS.o] ==> ignore
    arg [-L/usr/lib/gcc/x86_64-linux-gnu/7] ==> dir [/usr/lib/gcc/x86_64-linux-gnu/7]
    arg [-L/usr/lib/gcc/x86_64-linux-gnu/7/../../../x86_64-linux-gnu] ==> dir [/usr/lib/gcc/x86_64-linux-gnu/7/../../../x86_64-linux-gnu]
    arg [-L/usr/lib/gcc/x86_64-linux-gnu/7/../../../../lib] ==> dir [/usr/lib/gcc/x86_64-linux-gnu/7/../../../../lib]
    arg [-L/lib/x86_64-linux-gnu] ==> dir [/lib/x86_64-linux-gnu]
    arg [-L/lib/../lib] ==> dir [/lib/../lib]
    arg [-L/usr/lib/x86_64-linux-gnu] ==> dir [/usr/lib/x86_64-linux-gnu]
    arg [-L/usr/lib/../lib] ==> dir [/usr/lib/../lib]
    arg [-L/usr/lib/gcc/x86_64-linux-gnu/7/../../..] ==> dir [/usr/lib/gcc/x86_64-linux-gnu/7/../../..]
    arg [CMakeFiles/cmTC_35f4c.dir/CMakeCCompilerABI.c.o] ==> ignore
    arg [-lgcc] ==> lib [gcc]
    arg [--push-state] ==> ignore
    arg [--as-needed] ==> ignore
    arg [-lgcc_s] ==> lib [gcc_s]
    arg [--pop-state] ==> ignore
    arg [-lc] ==> lib [c]
    arg [-lgcc] ==> lib [gcc]
    arg [--push-state] ==> ignore
    arg [--as-needed] ==> ignore
    arg [-lgcc_s] ==> lib [gcc_s]
    arg [--pop-state] ==> ignore
    arg [/usr/lib/gcc/x86_64-linux-gnu/7/crtendS.o] ==> ignore
    arg [/usr/lib/gcc/x86_64-linux-gnu/7/../../../x86_64-linux-gnu/crtn.o] ==> ignore
  collapse library dir [/usr/lib/gcc/x86_64-linux-gnu/7] ==> [/usr/lib/gcc/x86_64-linux-gnu/7]
  collapse library dir [/usr/lib/gcc/x86_64-linux-gnu/7/../../../x86_64-linux-gnu] ==> [/usr/lib/x86_64-linux-gnu]
  collapse library dir [/usr/lib/gcc/x86_64-linux-gnu/7/../../../../lib] ==> [/usr/lib]
  collapse library dir [/lib/x86_64-linux-gnu] ==> [/lib/x86_64-linux-gnu]
  collapse library dir [/lib/../lib] ==> [/lib]
  collapse library dir [/usr/lib/x86_64-linux-gnu] ==> [/usr/lib/x86_64-linux-gnu]
  collapse library dir [/usr/lib/../lib] ==> [/usr/lib]
  collapse library dir [/usr/lib/gcc/x86_64-linux-gnu/7/../../..] ==> [/usr/lib]
  implicit libs: [gcc;gcc_s;c;gcc;gcc_s]
  implicit dirs: [/usr/lib/gcc/x86_64-linux-gnu/7;/usr/lib/x86_64-linux-gnu;/usr/lib;/lib/x86_64-linux-gnu;/lib]
  implicit fwks: []




Detecting C [-std=c11] compiler features compiled with the following output:
Change Dir: /home/sathvik/hpcc/HPCC-Platform/build/CMakeFiles/CMakeTmp

Run Build Command(s):/usr/bin/make cmTC_19093/fast 
/usr/bin/make -f CMakeFiles/cmTC_19093.dir/build.make CMakeFiles/cmTC_19093.dir/build
make[1]: Entering directory '/home/sathvik/hpcc/HPCC-Platform/build/CMakeFiles/CMakeTmp'
Building C object CMakeFiles/cmTC_19093.dir/feature_tests.c.o
/usr/bin/cc   -std=c11 -o CMakeFiles/cmTC_19093.dir/feature_tests.c.o   -c /home/sathvik/hpcc/HPCC-Platform/build/CMakeFiles/feature_tests.c
Linking C executable cmTC_19093
/usr/local/bin/cmake -E cmake_link_script CMakeFiles/cmTC_19093.dir/link.txt --verbose=1
/usr/bin/cc      -rdynamic CMakeFiles/cmTC_19093.dir/feature_tests.c.o  -o cmTC_19093 
make[1]: Leaving directory '/home/sathvik/hpcc/HPCC-Platform/build/CMakeFiles/CMakeTmp'


    Feature record: C_FEATURE:1c_function_prototypes
    Feature record: C_FEATURE:1c_restrict
    Feature record: C_FEATURE:1c_static_assert
    Feature record: C_FEATURE:1c_variadic_macros


Detecting C [-std=c99] compiler features compiled with the following output:
Change Dir: /home/sathvik/hpcc/HPCC-Platform/build/CMakeFiles/CMakeTmp

Run Build Command(s):/usr/bin/make cmTC_91512/fast 
/usr/bin/make -f CMakeFiles/cmTC_91512.dir/build.make CMakeFiles/cmTC_91512.dir/build
make[1]: Entering directory '/home/sathvik/hpcc/HPCC-Platform/build/CMakeFiles/CMakeTmp'
Building C object CMakeFiles/cmTC_91512.dir/feature_tests.c.o
/usr/bin/cc   -std=c99 -o CMakeFiles/cmTC_91512.dir/feature_tests.c.o   -c /home/sathvik/hpcc/HPCC-Platform/build/CMakeFiles/feature_tests.c
Linking C executable cmTC_91512
/usr/local/bin/cmake -E cmake_link_script CMakeFiles/cmTC_91512.dir/link.txt --verbose=1
/usr/bin/cc      -rdynamic CMakeFiles/cmTC_91512.dir/feature_tests.c.o  -o cmTC_91512 
make[1]: Leaving directory '/home/sathvik/hpcc/HPCC-Platform/build/CMakeFiles/CMakeTmp'


    Feature record: C_FEATURE:1c_function_prototypes
    Feature record: C_FEATURE:1c_restrict
    Feature record: C_FEATURE:0c_static_assert
    Feature record: C_FEATURE:1c_variadic_macros


Detecting C [-std=c90] compiler features compiled with the following output:
Change Dir: /home/sathvik/hpcc/HPCC-Platform/build/CMakeFiles/CMakeTmp

Run Build Command(s):/usr/bin/make cmTC_a7f5e/fast 
/usr/bin/make -f CMakeFiles/cmTC_a7f5e.dir/build.make CMakeFiles/cmTC_a7f5e.dir/build
make[1]: Entering directory '/home/sathvik/hpcc/HPCC-Platform/build/CMakeFiles/CMakeTmp'
Building C object CMakeFiles/cmTC_a7f5e.dir/feature_tests.c.o
/usr/bin/cc   -std=c90 -o CMakeFiles/cmTC_a7f5e.dir/feature_tests.c.o   -c /home/sathvik/hpcc/HPCC-Platform/build/CMakeFiles/feature_tests.c
Linking C executable cmTC_a7f5e
/usr/local/bin/cmake -E cmake_link_script CMakeFiles/cmTC_a7f5e.dir/link.txt --verbose=1
/usr/bin/cc      -rdynamic CMakeFiles/cmTC_a7f5e.dir/feature_tests.c.o  -o cmTC_a7f5e 
make[1]: Leaving directory '/home/sathvik/hpcc/HPCC-Platform/build/CMakeFiles/CMakeTmp'


    Feature record: C_FEATURE:1c_function_prototypes
    Feature record: C_FEATURE:0c_restrict
    Feature record: C_FEATURE:0c_static_assert
    Feature record: C_FEATURE:0c_variadic_macros
Determining if the CXX compiler works passed with the following output:
Change Dir: /home/sathvik/hpcc/HPCC-Platform/build/CMakeFiles/CMakeTmp

Run Build Command(s):/usr/bin/make cmTC_e04a2/fast 
/usr/bin/make -f CMakeFiles/cmTC_e04a2.dir/build.make CMakeFiles/cmTC_e04a2.dir/build
make[1]: Entering directory '/home/sathvik/hpcc/HPCC-Platform/build/CMakeFiles/CMakeTmp'
Building CXX object CMakeFiles/cmTC_e04a2.dir/testCXXCompiler.cxx.o
/usr/bin/c++     -o CMakeFiles/cmTC_e04a2.dir/testCXXCompiler.cxx.o -c /home/sathvik/hpcc/HPCC-Platform/build/CMakeFiles/CMakeTmp/testCXXCompiler.cxx
Linking CXX executable cmTC_e04a2
/usr/local/bin/cmake -E cmake_link_script CMakeFiles/cmTC_e04a2.dir/link.txt --verbose=1
/usr/bin/c++       -rdynamic CMakeFiles/cmTC_e04a2.dir/testCXXCompiler.cxx.o  -o cmTC_e04a2 
make[1]: Leaving directory '/home/sathvik/hpcc/HPCC-Platform/build/CMakeFiles/CMakeTmp'


Detecting CXX compiler ABI info compiled with the following output:
Change Dir: /home/sathvik/hpcc/HPCC-Platform/build/CMakeFiles/CMakeTmp

Run Build Command(s):/usr/bin/make cmTC_3ea8c/fast 
/usr/bin/make -f CMakeFiles/cmTC_3ea8c.dir/build.make CMakeFiles/cmTC_3ea8c.dir/build
make[1]: Entering directory '/home/sathvik/hpcc/HPCC-Platform/build/CMakeFiles/CMakeTmp'
Building CXX object CMakeFiles/cmTC_3ea8c.dir/CMakeCXXCompilerABI.cpp.o
/usr/bin/c++    -v -o CMakeFiles/cmTC_3ea8c.dir/CMakeCXXCompilerABI.cpp.o -c /usr/local/share/cmake-3.14/Modules/CMakeCXXCompilerABI.cpp
Using built-in specs.
COLLECT_GCC=/usr/bin/c++
OFFLOAD_TARGET_NAMES=nvptx-none
OFFLOAD_TARGET_DEFAULT=1
Target: x86_64-linux-gnu
Configured with: ../src/configure -v --with-pkgversion='Ubuntu 7.4.0-1ubuntu1~18.04.1' --with-bugurl=file:///usr/share/doc/gcc-7/README.Bugs --enable-languages=c,ada,c++,go,brig,d,fortran,objc,obj-c++ --prefix=/usr --with-gcc-major-version-only --program-suffix=-7 --program-prefix=x86_64-linux-gnu- --enable-shared --enable-linker-build-id --libexecdir=/usr/lib --without-included-gettext --enable-threads=posix --libdir=/usr/lib --enable-nls --with-sysroot=/ --enable-clocale=gnu --enable-libstdcxx-debug --enable-libstdcxx-time=yes --with-default-libstdcxx-abi=new --enable-gnu-unique-object --disable-vtable-verify --enable-libmpx --enable-plugin --enable-default-pie --with-system-zlib --with-target-system-zlib --enable-objc-gc=auto --enable-multiarch --disable-werror --with-arch-32=i686 --with-abi=m64 --with-multilib-list=m32,m64,mx32 --enable-multilib --with-tune=generic --enable-offload-targets=nvptx-none --without-cuda-driver --enable-checking=release --build=x86_64-linux-gnu --host=x86_64-linux-gnu --target=x86_64-linux-gnu
Thread model: posix
gcc version 7.4.0 (Ubuntu 7.4.0-1ubuntu1~18.04.1) 
COLLECT_GCC_OPTIONS='-v' '-o' 'CMakeFiles/cmTC_3ea8c.dir/CMakeCXXCompilerABI.cpp.o' '-c' '-shared-libgcc' '-mtune=generic' '-march=x86-64'
 /usr/lib/gcc/x86_64-linux-gnu/7/cc1plus -quiet -v -imultiarch x86_64-linux-gnu -D_GNU_SOURCE /usr/local/share/cmake-3.14/Modules/CMakeCXXCompilerABI.cpp -quiet -dumpbase CMakeCXXCompilerABI.cpp -mtune=generic -march=x86-64 -auxbase-strip CMakeFiles/cmTC_3ea8c.dir/CMakeCXXCompilerABI.cpp.o -version -fstack-protector-strong -Wformat -Wformat-security -o /tmp/cc729vBo.s
GNU C++14 (Ubuntu 7.4.0-1ubuntu1~18.04.1) version 7.4.0 (x86_64-linux-gnu)
	compiled by GNU C version 7.4.0, GMP version 6.1.2, MPFR version 4.0.1, MPC version 1.1.0, isl version isl-0.19-GMP

GGC heuristics: --param ggc-min-expand=100 --param ggc-min-heapsize=131072
ignoring duplicate directory "/usr/include/x86_64-linux-gnu/c++/7"
ignoring nonexistent directory "/usr/local/include/x86_64-linux-gnu"
ignoring nonexistent directory "/usr/lib/gcc/x86_64-linux-gnu/7/../../../../x86_64-linux-gnu/include"
#include "..." search starts here:
#include <...> search starts here:
 /usr/include/c++/7
 /usr/include/x86_64-linux-gnu/c++/7
 /usr/include/c++/7/backward
 /usr/lib/gcc/x86_64-linux-gnu/7/include
 /usr/local/include
 /usr/lib/gcc/x86_64-linux-gnu/7/include-fixed
 /usr/include/x86_64-linux-gnu
 /usr/include
End of search list.
GNU C++14 (Ubuntu 7.4.0-1ubuntu1~18.04.1) version 7.4.0 (x86_64-linux-gnu)
	compiled by GNU C version 7.4.0, GMP version 6.1.2, MPFR version 4.0.1, MPC version 1.1.0, isl version isl-0.19-GMP

GGC heuristics: --param ggc-min-expand=100 --param ggc-min-heapsize=131072
Compiler executable checksum: 38816e3807cdcb3c59571e251bd6c090
COLLECT_GCC_OPTIONS='-v' '-o' 'CMakeFiles/cmTC_3ea8c.dir/CMakeCXXCompilerABI.cpp.o' '-c' '-shared-libgcc' '-mtune=generic' '-march=x86-64'
 as -v --64 -o CMakeFiles/cmTC_3ea8c.dir/CMakeCXXCompilerABI.cpp.o /tmp/cc729vBo.s
GNU assembler version 2.30 (x86_64-linux-gnu) using BFD version (GNU Binutils for Ubuntu) 2.30
COMPILER_PATH=/usr/lib/gcc/x86_64-linux-gnu/7/:/usr/lib/gcc/x86_64-linux-gnu/7/:/usr/lib/gcc/x86_64-linux-gnu/:/usr/lib/gcc/x86_64-linux-gnu/7/:/usr/lib/gcc/x86_64-linux-gnu/
LIBRARY_PATH=/usr/lib/gcc/x86_64-linux-gnu/7/:/usr/lib/gcc/x86_64-linux-gnu/7/../../../x86_64-linux-gnu/:/usr/lib/gcc/x86_64-linux-gnu/7/../../../../lib/:/lib/x86_64-linux-gnu/:/lib/../lib/:/usr/lib/x86_64-linux-gnu/:/usr/lib/../lib/:/usr/lib/gcc/x86_64-linux-gnu/7/../../../:/lib/:/usr/lib/
COLLECT_GCC_OPTIONS='-v' '-o' 'CMakeFiles/cmTC_3ea8c.dir/CMakeCXXCompilerABI.cpp.o' '-c' '-shared-libgcc' '-mtune=generic' '-march=x86-64'
Linking CXX executable cmTC_3ea8c
/usr/local/bin/cmake -E cmake_link_script CMakeFiles/cmTC_3ea8c.dir/link.txt --verbose=1
/usr/bin/c++      -v -rdynamic CMakeFiles/cmTC_3ea8c.dir/CMakeCXXCompilerABI.cpp.o  -o cmTC_3ea8c 
Using built-in specs.
COLLECT_GCC=/usr/bin/c++
COLLECT_LTO_WRAPPER=/usr/lib/gcc/x86_64-linux-gnu/7/lto-wrapper
OFFLOAD_TARGET_NAMES=nvptx-none
OFFLOAD_TARGET_DEFAULT=1
Target: x86_64-linux-gnu
Configured with: ../src/configure -v --with-pkgversion='Ubuntu 7.4.0-1ubuntu1~18.04.1' --with-bugurl=file:///usr/share/doc/gcc-7/README.Bugs --enable-languages=c,ada,c++,go,brig,d,fortran,objc,obj-c++ --prefix=/usr --with-gcc-major-version-only --program-suffix=-7 --program-prefix=x86_64-linux-gnu- --enable-shared --enable-linker-build-id --libexecdir=/usr/lib --without-included-gettext --enable-threads=posix --libdir=/usr/lib --enable-nls --with-sysroot=/ --enable-clocale=gnu --enable-libstdcxx-debug --enable-libstdcxx-time=yes --with-default-libstdcxx-abi=new --enable-gnu-unique-object --disable-vtable-verify --enable-libmpx --enable-plugin --enable-default-pie --with-system-zlib --with-target-system-zlib --enable-objc-gc=auto --enable-multiarch --disable-werror --with-arch-32=i686 --with-abi=m64 --with-multilib-list=m32,m64,mx32 --enable-multilib --with-tune=generic --enable-offload-targets=nvptx-none --without-cuda-driver --enable-checking=release --build=x86_64-linux-gnu --host=x86_64-linux-gnu --target=x86_64-linux-gnu
Thread model: posix
gcc version 7.4.0 (Ubuntu 7.4.0-1ubuntu1~18.04.1) 
COMPILER_PATH=/usr/lib/gcc/x86_64-linux-gnu/7/:/usr/lib/gcc/x86_64-linux-gnu/7/:/usr/lib/gcc/x86_64-linux-gnu/:/usr/lib/gcc/x86_64-linux-gnu/7/:/usr/lib/gcc/x86_64-linux-gnu/
LIBRARY_PATH=/usr/lib/gcc/x86_64-linux-gnu/7/:/usr/lib/gcc/x86_64-linux-gnu/7/../../../x86_64-linux-gnu/:/usr/lib/gcc/x86_64-linux-gnu/7/../../../../lib/:/lib/x86_64-linux-gnu/:/lib/../lib/:/usr/lib/x86_64-linux-gnu/:/usr/lib/../lib/:/usr/lib/gcc/x86_64-linux-gnu/7/../../../:/lib/:/usr/lib/
COLLECT_GCC_OPTIONS='-v' '-rdynamic' '-o' 'cmTC_3ea8c' '-shared-libgcc' '-mtune=generic' '-march=x86-64'
 /usr/lib/gcc/x86_64-linux-gnu/7/collect2 -plugin /usr/lib/gcc/x86_64-linux-gnu/7/liblto_plugin.so -plugin-opt=/usr/lib/gcc/x86_64-linux-gnu/7/lto-wrapper -plugin-opt=-fresolution=/tmp/cce57PFq.res -plugin-opt=-pass-through=-lgcc_s -plugin-opt=-pass-through=-lgcc -plugin-opt=-pass-through=-lc -plugin-opt=-pass-through=-lgcc_s -plugin-opt=-pass-through=-lgcc --sysroot=/ --build-id --eh-frame-hdr -m elf_x86_64 --hash-style=gnu --as-needed -export-dynamic -dynamic-linker /lib64/ld-linux-x86-64.so.2 -pie -z now -z relro -o cmTC_3ea8c /usr/lib/gcc/x86_64-linux-gnu/7/../../../x86_64-linux-gnu/Scrt1.o /usr/lib/gcc/x86_64-linux-gnu/7/../../../x86_64-linux-gnu/crti.o /usr/lib/gcc/x86_64-linux-gnu/7/crtbeginS.o -L/usr/lib/gcc/x86_64-linux-gnu/7 -L/usr/lib/gcc/x86_64-linux-gnu/7/../../../x86_64-linux-gnu -L/usr/lib/gcc/x86_64-linux-gnu/7/../../../../lib -L/lib/x86_64-linux-gnu -L/lib/../lib -L/usr/lib/x86_64-linux-gnu -L/usr/lib/../lib -L/usr/lib/gcc/x86_64-linux-gnu/7/../../.. CMakeFiles/cmTC_3ea8c.dir/CMakeCXXCompilerABI.cpp.o -lstdc++ -lm -lgcc_s -lgcc -lc -lgcc_s -lgcc /usr/lib/gcc/x86_64-linux-gnu/7/crtendS.o /usr/lib/gcc/x86_64-linux-gnu/7/../../../x86_64-linux-gnu/crtn.o
COLLECT_GCC_OPTIONS='-v' '-rdynamic' '-o' 'cmTC_3ea8c' '-shared-libgcc' '-mtune=generic' '-march=x86-64'
make[1]: Leaving directory '/home/sathvik/hpcc/HPCC-Platform/build/CMakeFiles/CMakeTmp'


Parsed CXX implicit include dir info from above output: rv=done
  found start of include info
  found start of implicit include info
    add: [/usr/include/c++/7]
    add: [/usr/include/x86_64-linux-gnu/c++/7]
    add: [/usr/include/c++/7/backward]
    add: [/usr/lib/gcc/x86_64-linux-gnu/7/include]
    add: [/usr/local/include]
    add: [/usr/lib/gcc/x86_64-linux-gnu/7/include-fixed]
    add: [/usr/include/x86_64-linux-gnu]
    add: [/usr/include]
  end of search list found
  collapse include dir [/usr/include/c++/7] ==> [/usr/include/c++/7]
  collapse include dir [/usr/include/x86_64-linux-gnu/c++/7] ==> [/usr/include/x86_64-linux-gnu/c++/7]
  collapse include dir [/usr/include/c++/7/backward] ==> [/usr/include/c++/7/backward]
  collapse include dir [/usr/lib/gcc/x86_64-linux-gnu/7/include] ==> [/usr/lib/gcc/x86_64-linux-gnu/7/include]
  collapse include dir [/usr/local/include] ==> [/usr/local/include]
  collapse include dir [/usr/lib/gcc/x86_64-linux-gnu/7/include-fixed] ==> [/usr/lib/gcc/x86_64-linux-gnu/7/include-fixed]
  collapse include dir [/usr/include/x86_64-linux-gnu] ==> [/usr/include/x86_64-linux-gnu]
  collapse include dir [/usr/include] ==> [/usr/include]
  implicit include dirs: [/usr/include/c++/7;/usr/include/x86_64-linux-gnu/c++/7;/usr/include/c++/7/backward;/usr/lib/gcc/x86_64-linux-gnu/7/include;/usr/local/include;/usr/lib/gcc/x86_64-linux-gnu/7/include-fixed;/usr/include/x86_64-linux-gnu;/usr/include]


Parsed CXX implicit link information from above output:
  link line regex: [^( *|.*[/\])(ld|CMAKE_LINK_STARTFILE-NOTFOUND|([^/\]+-)?ld|collect2)[^/\]*( |$)]
  ignore line: [Change Dir: /home/sathvik/hpcc/HPCC-Platform/build/CMakeFiles/CMakeTmp]
  ignore line: []
  ignore line: [Run Build Command(s):/usr/bin/make cmTC_3ea8c/fast ]
  ignore line: [/usr/bin/make -f CMakeFiles/cmTC_3ea8c.dir/build.make CMakeFiles/cmTC_3ea8c.dir/build]
  ignore line: [make[1]: Entering directory '/home/sathvik/hpcc/HPCC-Platform/build/CMakeFiles/CMakeTmp']
  ignore line: [Building CXX object CMakeFiles/cmTC_3ea8c.dir/CMakeCXXCompilerABI.cpp.o]
  ignore line: [/usr/bin/c++    -v -o CMakeFiles/cmTC_3ea8c.dir/CMakeCXXCompilerABI.cpp.o -c /usr/local/share/cmake-3.14/Modules/CMakeCXXCompilerABI.cpp]
  ignore line: [Using built-in specs.]
  ignore line: [COLLECT_GCC=/usr/bin/c++]
  ignore line: [OFFLOAD_TARGET_NAMES=nvptx-none]
  ignore line: [OFFLOAD_TARGET_DEFAULT=1]
  ignore line: [Target: x86_64-linux-gnu]
  ignore line: [Configured with: ../src/configure -v --with-pkgversion='Ubuntu 7.4.0-1ubuntu1~18.04.1' --with-bugurl=file:///usr/share/doc/gcc-7/README.Bugs --enable-languages=c,ada,c++,go,brig,d,fortran,objc,obj-c++ --prefix=/usr --with-gcc-major-version-only --program-suffix=-7 --program-prefix=x86_64-linux-gnu- --enable-shared --enable-linker-build-id --libexecdir=/usr/lib --without-included-gettext --enable-threads=posix --libdir=/usr/lib --enable-nls --with-sysroot=/ --enable-clocale=gnu --enable-libstdcxx-debug --enable-libstdcxx-time=yes --with-default-libstdcxx-abi=new --enable-gnu-unique-object --disable-vtable-verify --enable-libmpx --enable-plugin --enable-default-pie --with-system-zlib --with-target-system-zlib --enable-objc-gc=auto --enable-multiarch --disable-werror --with-arch-32=i686 --with-abi=m64 --with-multilib-list=m32,m64,mx32 --enable-multilib --with-tune=generic --enable-offload-targets=nvptx-none --without-cuda-driver --enable-checking=release --build=x86_64-linux-gnu --host=x86_64-linux-gnu --target=x86_64-linux-gnu]
  ignore line: [Thread model: posix]
  ignore line: [gcc version 7.4.0 (Ubuntu 7.4.0-1ubuntu1~18.04.1) ]
  ignore line: [COLLECT_GCC_OPTIONS='-v' '-o' 'CMakeFiles/cmTC_3ea8c.dir/CMakeCXXCompilerABI.cpp.o' '-c' '-shared-libgcc' '-mtune=generic' '-march=x86-64']
  ignore line: [ /usr/lib/gcc/x86_64-linux-gnu/7/cc1plus -quiet -v -imultiarch x86_64-linux-gnu -D_GNU_SOURCE /usr/local/share/cmake-3.14/Modules/CMakeCXXCompilerABI.cpp -quiet -dumpbase CMakeCXXCompilerABI.cpp -mtune=generic -march=x86-64 -auxbase-strip CMakeFiles/cmTC_3ea8c.dir/CMakeCXXCompilerABI.cpp.o -version -fstack-protector-strong -Wformat -Wformat-security -o /tmp/cc729vBo.s]
  ignore line: [GNU C++14 (Ubuntu 7.4.0-1ubuntu1~18.04.1) version 7.4.0 (x86_64-linux-gnu)]
  ignore line: [	compiled by GNU C version 7.4.0, GMP version 6.1.2, MPFR version 4.0.1, MPC version 1.1.0, isl version isl-0.19-GMP]
  ignore line: []
  ignore line: [GGC heuristics: --param ggc-min-expand=100 --param ggc-min-heapsize=131072]
  ignore line: [ignoring duplicate directory "/usr/include/x86_64-linux-gnu/c++/7"]
  ignore line: [ignoring nonexistent directory "/usr/local/include/x86_64-linux-gnu"]
  ignore line: [ignoring nonexistent directory "/usr/lib/gcc/x86_64-linux-gnu/7/../../../../x86_64-linux-gnu/include"]
  ignore line: [#include "..." search starts here:]
  ignore line: [#include <...> search starts here:]
  ignore line: [ /usr/include/c++/7]
  ignore line: [ /usr/include/x86_64-linux-gnu/c++/7]
  ignore line: [ /usr/include/c++/7/backward]
  ignore line: [ /usr/lib/gcc/x86_64-linux-gnu/7/include]
  ignore line: [ /usr/local/include]
  ignore line: [ /usr/lib/gcc/x86_64-linux-gnu/7/include-fixed]
  ignore line: [ /usr/include/x86_64-linux-gnu]
  ignore line: [ /usr/include]
  ignore line: [End of search list.]
  ignore line: [GNU C++14 (Ubuntu 7.4.0-1ubuntu1~18.04.1) version 7.4.0 (x86_64-linux-gnu)]
  ignore line: [	compiled by GNU C version 7.4.0, GMP version 6.1.2, MPFR version 4.0.1, MPC version 1.1.0, isl version isl-0.19-GMP]
  ignore line: []
  ignore line: [GGC heuristics: --param ggc-min-expand=100 --param ggc-min-heapsize=131072]
  ignore line: [Compiler executable checksum: 38816e3807cdcb3c59571e251bd6c090]
  ignore line: [COLLECT_GCC_OPTIONS='-v' '-o' 'CMakeFiles/cmTC_3ea8c.dir/CMakeCXXCompilerABI.cpp.o' '-c' '-shared-libgcc' '-mtune=generic' '-march=x86-64']
  ignore line: [ as -v --64 -o CMakeFiles/cmTC_3ea8c.dir/CMakeCXXCompilerABI.cpp.o /tmp/cc729vBo.s]
  ignore line: [GNU assembler version 2.30 (x86_64-linux-gnu) using BFD version (GNU Binutils for Ubuntu) 2.30]
  ignore line: [COMPILER_PATH=/usr/lib/gcc/x86_64-linux-gnu/7/:/usr/lib/gcc/x86_64-linux-gnu/7/:/usr/lib/gcc/x86_64-linux-gnu/:/usr/lib/gcc/x86_64-linux-gnu/7/:/usr/lib/gcc/x86_64-linux-gnu/]
  ignore line: [LIBRARY_PATH=/usr/lib/gcc/x86_64-linux-gnu/7/:/usr/lib/gcc/x86_64-linux-gnu/7/../../../x86_64-linux-gnu/:/usr/lib/gcc/x86_64-linux-gnu/7/../../../../lib/:/lib/x86_64-linux-gnu/:/lib/../lib/:/usr/lib/x86_64-linux-gnu/:/usr/lib/../lib/:/usr/lib/gcc/x86_64-linux-gnu/7/../../../:/lib/:/usr/lib/]
  ignore line: [COLLECT_GCC_OPTIONS='-v' '-o' 'CMakeFiles/cmTC_3ea8c.dir/CMakeCXXCompilerABI.cpp.o' '-c' '-shared-libgcc' '-mtune=generic' '-march=x86-64']
  ignore line: [Linking CXX executable cmTC_3ea8c]
  ignore line: [/usr/local/bin/cmake -E cmake_link_script CMakeFiles/cmTC_3ea8c.dir/link.txt --verbose=1]
  ignore line: [/usr/bin/c++      -v -rdynamic CMakeFiles/cmTC_3ea8c.dir/CMakeCXXCompilerABI.cpp.o  -o cmTC_3ea8c ]
  ignore line: [Using built-in specs.]
  ignore line: [COLLECT_GCC=/usr/bin/c++]
  ignore line: [COLLECT_LTO_WRAPPER=/usr/lib/gcc/x86_64-linux-gnu/7/lto-wrapper]
  ignore line: [OFFLOAD_TARGET_NAMES=nvptx-none]
  ignore line: [OFFLOAD_TARGET_DEFAULT=1]
  ignore line: [Target: x86_64-linux-gnu]
  ignore line: [Configured with: ../src/configure -v --with-pkgversion='Ubuntu 7.4.0-1ubuntu1~18.04.1' --with-bugurl=file:///usr/share/doc/gcc-7/README.Bugs --enable-languages=c,ada,c++,go,brig,d,fortran,objc,obj-c++ --prefix=/usr --with-gcc-major-version-only --program-suffix=-7 --program-prefix=x86_64-linux-gnu- --enable-shared --enable-linker-build-id --libexecdir=/usr/lib --without-included-gettext --enable-threads=posix --libdir=/usr/lib --enable-nls --with-sysroot=/ --enable-clocale=gnu --enable-libstdcxx-debug --enable-libstdcxx-time=yes --with-default-libstdcxx-abi=new --enable-gnu-unique-object --disable-vtable-verify --enable-libmpx --enable-plugin --enable-default-pie --with-system-zlib --with-target-system-zlib --enable-objc-gc=auto --enable-multiarch --disable-werror --with-arch-32=i686 --with-abi=m64 --with-multilib-list=m32,m64,mx32 --enable-multilib --with-tune=generic --enable-offload-targets=nvptx-none --without-cuda-driver --enable-checking=release --build=x86_64-linux-gnu --host=x86_64-linux-gnu --target=x86_64-linux-gnu]
  ignore line: [Thread model: posix]
  ignore line: [gcc version 7.4.0 (Ubuntu 7.4.0-1ubuntu1~18.04.1) ]
  ignore line: [COMPILER_PATH=/usr/lib/gcc/x86_64-linux-gnu/7/:/usr/lib/gcc/x86_64-linux-gnu/7/:/usr/lib/gcc/x86_64-linux-gnu/:/usr/lib/gcc/x86_64-linux-gnu/7/:/usr/lib/gcc/x86_64-linux-gnu/]
  ignore line: [LIBRARY_PATH=/usr/lib/gcc/x86_64-linux-gnu/7/:/usr/lib/gcc/x86_64-linux-gnu/7/../../../x86_64-linux-gnu/:/usr/lib/gcc/x86_64-linux-gnu/7/../../../../lib/:/lib/x86_64-linux-gnu/:/lib/../lib/:/usr/lib/x86_64-linux-gnu/:/usr/lib/../lib/:/usr/lib/gcc/x86_64-linux-gnu/7/../../../:/lib/:/usr/lib/]
  ignore line: [COLLECT_GCC_OPTIONS='-v' '-rdynamic' '-o' 'cmTC_3ea8c' '-shared-libgcc' '-mtune=generic' '-march=x86-64']
  link line: [ /usr/lib/gcc/x86_64-linux-gnu/7/collect2 -plugin /usr/lib/gcc/x86_64-linux-gnu/7/liblto_plugin.so -plugin-opt=/usr/lib/gcc/x86_64-linux-gnu/7/lto-wrapper -plugin-opt=-fresolution=/tmp/cce57PFq.res -plugin-opt=-pass-through=-lgcc_s -plugin-opt=-pass-through=-lgcc -plugin-opt=-pass-through=-lc -plugin-opt=-pass-through=-lgcc_s -plugin-opt=-pass-through=-lgcc --sysroot=/ --build-id --eh-frame-hdr -m elf_x86_64 --hash-style=gnu --as-needed -export-dynamic -dynamic-linker /lib64/ld-linux-x86-64.so.2 -pie -z now -z relro -o cmTC_3ea8c /usr/lib/gcc/x86_64-linux-gnu/7/../../../x86_64-linux-gnu/Scrt1.o /usr/lib/gcc/x86_64-linux-gnu/7/../../../x86_64-linux-gnu/crti.o /usr/lib/gcc/x86_64-linux-gnu/7/crtbeginS.o -L/usr/lib/gcc/x86_64-linux-gnu/7 -L/usr/lib/gcc/x86_64-linux-gnu/7/../../../x86_64-linux-gnu -L/usr/lib/gcc/x86_64-linux-gnu/7/../../../../lib -L/lib/x86_64-linux-gnu -L/lib/../lib -L/usr/lib/x86_64-linux-gnu -L/usr/lib/../lib -L/usr/lib/gcc/x86_64-linux-gnu/7/../../.. CMakeFiles/cmTC_3ea8c.dir/CMakeCXXCompilerABI.cpp.o -lstdc++ -lm -lgcc_s -lgcc -lc -lgcc_s -lgcc /usr/lib/gcc/x86_64-linux-gnu/7/crtendS.o /usr/lib/gcc/x86_64-linux-gnu/7/../../../x86_64-linux-gnu/crtn.o]
    arg [/usr/lib/gcc/x86_64-linux-gnu/7/collect2] ==> ignore
    arg [-plugin] ==> ignore
    arg [/usr/lib/gcc/x86_64-linux-gnu/7/liblto_plugin.so] ==> ignore
    arg [-plugin-opt=/usr/lib/gcc/x86_64-linux-gnu/7/lto-wrapper] ==> ignore
    arg [-plugin-opt=-fresolution=/tmp/cce57PFq.res] ==> ignore
    arg [-plugin-opt=-pass-through=-lgcc_s] ==> ignore
    arg [-plugin-opt=-pass-through=-lgcc] ==> ignore
    arg [-plugin-opt=-pass-through=-lc] ==> ignore
    arg [-plugin-opt=-pass-through=-lgcc_s] ==> ignore
    arg [-plugin-opt=-pass-through=-lgcc] ==> ignore
    arg [--sysroot=/] ==> ignore
    arg [--build-id] ==> ignore
    arg [--eh-frame-hdr] ==> ignore
    arg [-m] ==> ignore
    arg [elf_x86_64] ==> ignore
    arg [--hash-style=gnu] ==> ignore
    arg [--as-needed] ==> ignore
    arg [-export-dynamic] ==> ignore
    arg [-dynamic-linker] ==> ignore
    arg [/lib64/ld-linux-x86-64.so.2] ==> ignore
    arg [-pie] ==> ignore
    arg [-znow] ==> ignore
    arg [-zrelro] ==> ignore
    arg [-o] ==> ignore
    arg [cmTC_3ea8c] ==> ignore
    arg [/usr/lib/gcc/x86_64-linux-gnu/7/../../../x86_64-linux-gnu/Scrt1.o] ==> ignore
    arg [/usr/lib/gcc/x86_64-linux-gnu/7/../../../x86_64-linux-gnu/crti.o] ==> ignore
    arg [/usr/lib/gcc/x86_64-linux-gnu/7/crtbeginS.o] ==> ignore
    arg [-L/usr/lib/gcc/x86_64-linux-gnu/7] ==> dir [/usr/lib/gcc/x86_64-linux-gnu/7]
    arg [-L/usr/lib/gcc/x86_64-linux-gnu/7/../../../x86_64-linux-gnu] ==> dir [/usr/lib/gcc/x86_64-linux-gnu/7/../../../x86_64-linux-gnu]
    arg [-L/usr/lib/gcc/x86_64-linux-gnu/7/../../../../lib] ==> dir [/usr/lib/gcc/x86_64-linux-gnu/7/../../../../lib]
    arg [-L/lib/x86_64-linux-gnu] ==> dir [/lib/x86_64-linux-gnu]
    arg [-L/lib/../lib] ==> dir [/lib/../lib]
    arg [-L/usr/lib/x86_64-linux-gnu] ==> dir [/usr/lib/x86_64-linux-gnu]
    arg [-L/usr/lib/../lib] ==> dir [/usr/lib/../lib]
    arg [-L/usr/lib/gcc/x86_64-linux-gnu/7/../../..] ==> dir [/usr/lib/gcc/x86_64-linux-gnu/7/../../..]
    arg [CMakeFiles/cmTC_3ea8c.dir/CMakeCXXCompilerABI.cpp.o] ==> ignore
    arg [-lstdc++] ==> lib [stdc++]
    arg [-lm] ==> lib [m]
    arg [-lgcc_s] ==> lib [gcc_s]
    arg [-lgcc] ==> lib [gcc]
    arg [-lc] ==> lib [c]
    arg [-lgcc_s] ==> lib [gcc_s]
    arg [-lgcc] ==> lib [gcc]
    arg [/usr/lib/gcc/x86_64-linux-gnu/7/crtendS.o] ==> ignore
    arg [/usr/lib/gcc/x86_64-linux-gnu/7/../../../x86_64-linux-gnu/crtn.o] ==> ignore
  collapse library dir [/usr/lib/gcc/x86_64-linux-gnu/7] ==> [/usr/lib/gcc/x86_64-linux-gnu/7]
  collapse library dir [/usr/lib/gcc/x86_64-linux-gnu/7/../../../x86_64-linux-gnu] ==> [/usr/lib/x86_64-linux-gnu]
  collapse library dir [/usr/lib/gcc/x86_64-linux-gnu/7/../../../../lib] ==> [/usr/lib]
  collapse library dir [/lib/x86_64-linux-gnu] ==> [/lib/x86_64-linux-gnu]
  collapse library dir [/lib/../lib] ==> [/lib]
  collapse library dir [/usr/lib/x86_64-linux-gnu] ==> [/usr/lib/x86_64-linux-gnu]
  collapse library dir [/usr/lib/../lib] ==> [/usr/lib]
  collapse library dir [/usr/lib/gcc/x86_64-linux-gnu/7/../../..] ==> [/usr/lib]
  implicit libs: [stdc++;m;gcc_s;gcc;c;gcc_s;gcc]
  implicit dirs: [/usr/lib/gcc/x86_64-linux-gnu/7;/usr/lib/x86_64-linux-gnu;/usr/lib;/lib/x86_64-linux-gnu;/lib]
  implicit fwks: []




Detecting CXX [-std=c++1z] compiler features compiled with the following output:
Change Dir: /home/sathvik/hpcc/HPCC-Platform/build/CMakeFiles/CMakeTmp

Run Build Command(s):/usr/bin/make cmTC_8f5e6/fast 
/usr/bin/make -f CMakeFiles/cmTC_8f5e6.dir/build.make CMakeFiles/cmTC_8f5e6.dir/build
make[1]: Entering directory '/home/sathvik/hpcc/HPCC-Platform/build/CMakeFiles/CMakeTmp'
Building CXX object CMakeFiles/cmTC_8f5e6.dir/feature_tests.cxx.o
/usr/bin/c++    -std=c++1z -o CMakeFiles/cmTC_8f5e6.dir/feature_tests.cxx.o -c /home/sathvik/hpcc/HPCC-Platform/build/CMakeFiles/feature_tests.cxx
Linking CXX executable cmTC_8f5e6
/usr/local/bin/cmake -E cmake_link_script CMakeFiles/cmTC_8f5e6.dir/link.txt --verbose=1
/usr/bin/c++       -rdynamic CMakeFiles/cmTC_8f5e6.dir/feature_tests.cxx.o  -o cmTC_8f5e6 
make[1]: Leaving directory '/home/sathvik/hpcc/HPCC-Platform/build/CMakeFiles/CMakeTmp'


    Feature record: CXX_FEATURE:1cxx_aggregate_default_initializers
    Feature record: CXX_FEATURE:1cxx_alias_templates
    Feature record: CXX_FEATURE:1cxx_alignas
    Feature record: CXX_FEATURE:1cxx_alignof
    Feature record: CXX_FEATURE:1cxx_attributes
    Feature record: CXX_FEATURE:1cxx_attribute_deprecated
    Feature record: CXX_FEATURE:1cxx_auto_type
    Feature record: CXX_FEATURE:1cxx_binary_literals
    Feature record: CXX_FEATURE:1cxx_constexpr
    Feature record: CXX_FEATURE:1cxx_contextual_conversions
    Feature record: CXX_FEATURE:1cxx_decltype
    Feature record: CXX_FEATURE:1cxx_decltype_auto
    Feature record: CXX_FEATURE:1cxx_decltype_incomplete_return_types
    Feature record: CXX_FEATURE:1cxx_default_function_template_args
    Feature record: CXX_FEATURE:1cxx_defaulted_functions
    Feature record: CXX_FEATURE:1cxx_defaulted_move_initializers
    Feature record: CXX_FEATURE:1cxx_delegating_constructors
    Feature record: CXX_FEATURE:1cxx_deleted_functions
    Feature record: CXX_FEATURE:1cxx_digit_separators
    Feature record: CXX_FEATURE:1cxx_enum_forward_declarations
    Feature record: CXX_FEATURE:1cxx_explicit_conversions
    Feature record: CXX_FEATURE:1cxx_extended_friend_declarations
    Feature record: CXX_FEATURE:1cxx_extern_templates
    Feature record: CXX_FEATURE:1cxx_final
    Feature record: CXX_FEATURE:1cxx_func_identifier
    Feature record: CXX_FEATURE:1cxx_generalized_initializers
    Feature record: CXX_FEATURE:1cxx_generic_lambdas
    Feature record: CXX_FEATURE:1cxx_inheriting_constructors
    Feature record: CXX_FEATURE:1cxx_inline_namespaces
    Feature record: CXX_FEATURE:1cxx_lambdas
    Feature record: CXX_FEATURE:1cxx_lambda_init_captures
    Feature record: CXX_FEATURE:1cxx_local_type_template_args
    Feature record: CXX_FEATURE:1cxx_long_long_type
    Feature record: CXX_FEATURE:1cxx_noexcept
    Feature record: CXX_FEATURE:1cxx_nonstatic_member_init
    Feature record: CXX_FEATURE:1cxx_nullptr
    Feature record: CXX_FEATURE:1cxx_override
    Feature record: CXX_FEATURE:1cxx_range_for
    Feature record: CXX_FEATURE:1cxx_raw_string_literals
    Feature record: CXX_FEATURE:1cxx_reference_qualified_functions
    Feature record: CXX_FEATURE:1cxx_relaxed_constexpr
    Feature record: CXX_FEATURE:1cxx_return_type_deduction
    Feature record: CXX_FEATURE:1cxx_right_angle_brackets
    Feature record: CXX_FEATURE:1cxx_rvalue_references
    Feature record: CXX_FEATURE:1cxx_sizeof_member
    Feature record: CXX_FEATURE:1cxx_static_assert
    Feature record: CXX_FEATURE:1cxx_strong_enums
    Feature record: CXX_FEATURE:1cxx_template_template_parameters
    Feature record: CXX_FEATURE:1cxx_thread_local
    Feature record: CXX_FEATURE:1cxx_trailing_return_types
    Feature record: CXX_FEATURE:1cxx_unicode_literals
    Feature record: CXX_FEATURE:1cxx_uniform_initialization
    Feature record: CXX_FEATURE:1cxx_unrestricted_unions
    Feature record: CXX_FEATURE:1cxx_user_literals
    Feature record: CXX_FEATURE:1cxx_variable_templates
    Feature record: CXX_FEATURE:1cxx_variadic_macros
    Feature record: CXX_FEATURE:1cxx_variadic_templates


Detecting CXX [-std=c++14] compiler features compiled with the following output:
Change Dir: /home/sathvik/hpcc/HPCC-Platform/build/CMakeFiles/CMakeTmp

Run Build Command(s):/usr/bin/make cmTC_d0ffc/fast 
/usr/bin/make -f CMakeFiles/cmTC_d0ffc.dir/build.make CMakeFiles/cmTC_d0ffc.dir/build
make[1]: Entering directory '/home/sathvik/hpcc/HPCC-Platform/build/CMakeFiles/CMakeTmp'
Building CXX object CMakeFiles/cmTC_d0ffc.dir/feature_tests.cxx.o
/usr/bin/c++    -std=c++14 -o CMakeFiles/cmTC_d0ffc.dir/feature_tests.cxx.o -c /home/sathvik/hpcc/HPCC-Platform/build/CMakeFiles/feature_tests.cxx
Linking CXX executable cmTC_d0ffc
/usr/local/bin/cmake -E cmake_link_script CMakeFiles/cmTC_d0ffc.dir/link.txt --verbose=1
/usr/bin/c++       -rdynamic CMakeFiles/cmTC_d0ffc.dir/feature_tests.cxx.o  -o cmTC_d0ffc 
make[1]: Leaving directory '/home/sathvik/hpcc/HPCC-Platform/build/CMakeFiles/CMakeTmp'


    Feature record: CXX_FEATURE:1cxx_aggregate_default_initializers
    Feature record: CXX_FEATURE:1cxx_alias_templates
    Feature record: CXX_FEATURE:1cxx_alignas
    Feature record: CXX_FEATURE:1cxx_alignof
    Feature record: CXX_FEATURE:1cxx_attributes
    Feature record: CXX_FEATURE:1cxx_attribute_deprecated
    Feature record: CXX_FEATURE:1cxx_auto_type
    Feature record: CXX_FEATURE:1cxx_binary_literals
    Feature record: CXX_FEATURE:1cxx_constexpr
    Feature record: CXX_FEATURE:1cxx_contextual_conversions
    Feature record: CXX_FEATURE:1cxx_decltype
    Feature record: CXX_FEATURE:1cxx_decltype_auto
    Feature record: CXX_FEATURE:1cxx_decltype_incomplete_return_types
    Feature record: CXX_FEATURE:1cxx_default_function_template_args
    Feature record: CXX_FEATURE:1cxx_defaulted_functions
    Feature record: CXX_FEATURE:1cxx_defaulted_move_initializers
    Feature record: CXX_FEATURE:1cxx_delegating_constructors
    Feature record: CXX_FEATURE:1cxx_deleted_functions
    Feature record: CXX_FEATURE:1cxx_digit_separators
    Feature record: CXX_FEATURE:1cxx_enum_forward_declarations
    Feature record: CXX_FEATURE:1cxx_explicit_conversions
    Feature record: CXX_FEATURE:1cxx_extended_friend_declarations
    Feature record: CXX_FEATURE:1cxx_extern_templates
    Feature record: CXX_FEATURE:1cxx_final
    Feature record: CXX_FEATURE:1cxx_func_identifier
    Feature record: CXX_FEATURE:1cxx_generalized_initializers
    Feature record: CXX_FEATURE:1cxx_generic_lambdas
    Feature record: CXX_FEATURE:1cxx_inheriting_constructors
    Feature record: CXX_FEATURE:1cxx_inline_namespaces
    Feature record: CXX_FEATURE:1cxx_lambdas
    Feature record: CXX_FEATURE:1cxx_lambda_init_captures
    Feature record: CXX_FEATURE:1cxx_local_type_template_args
    Feature record: CXX_FEATURE:1cxx_long_long_type
    Feature record: CXX_FEATURE:1cxx_noexcept
    Feature record: CXX_FEATURE:1cxx_nonstatic_member_init
    Feature record: CXX_FEATURE:1cxx_nullptr
    Feature record: CXX_FEATURE:1cxx_override
    Feature record: CXX_FEATURE:1cxx_range_for
    Feature record: CXX_FEATURE:1cxx_raw_string_literals
    Feature record: CXX_FEATURE:1cxx_reference_qualified_functions
    Feature record: CXX_FEATURE:1cxx_relaxed_constexpr
    Feature record: CXX_FEATURE:1cxx_return_type_deduction
    Feature record: CXX_FEATURE:1cxx_right_angle_brackets
    Feature record: CXX_FEATURE:1cxx_rvalue_references
    Feature record: CXX_FEATURE:1cxx_sizeof_member
    Feature record: CXX_FEATURE:1cxx_static_assert
    Feature record: CXX_FEATURE:1cxx_strong_enums
    Feature record: CXX_FEATURE:1cxx_template_template_parameters
    Feature record: CXX_FEATURE:1cxx_thread_local
    Feature record: CXX_FEATURE:1cxx_trailing_return_types
    Feature record: CXX_FEATURE:1cxx_unicode_literals
    Feature record: CXX_FEATURE:1cxx_uniform_initialization
    Feature record: CXX_FEATURE:1cxx_unrestricted_unions
    Feature record: CXX_FEATURE:1cxx_user_literals
    Feature record: CXX_FEATURE:1cxx_variable_templates
    Feature record: CXX_FEATURE:1cxx_variadic_macros
    Feature record: CXX_FEATURE:1cxx_variadic_templates


Detecting CXX [-std=c++11] compiler features compiled with the following output:
Change Dir: /home/sathvik/hpcc/HPCC-Platform/build/CMakeFiles/CMakeTmp

Run Build Command(s):/usr/bin/make cmTC_897a5/fast 
/usr/bin/make -f CMakeFiles/cmTC_897a5.dir/build.make CMakeFiles/cmTC_897a5.dir/build
make[1]: Entering directory '/home/sathvik/hpcc/HPCC-Platform/build/CMakeFiles/CMakeTmp'
Building CXX object CMakeFiles/cmTC_897a5.dir/feature_tests.cxx.o
/usr/bin/c++    -std=c++11 -o CMakeFiles/cmTC_897a5.dir/feature_tests.cxx.o -c /home/sathvik/hpcc/HPCC-Platform/build/CMakeFiles/feature_tests.cxx
Linking CXX executable cmTC_897a5
/usr/local/bin/cmake -E cmake_link_script CMakeFiles/cmTC_897a5.dir/link.txt --verbose=1
/usr/bin/c++       -rdynamic CMakeFiles/cmTC_897a5.dir/feature_tests.cxx.o  -o cmTC_897a5 
make[1]: Leaving directory '/home/sathvik/hpcc/HPCC-Platform/build/CMakeFiles/CMakeTmp'


    Feature record: CXX_FEATURE:0cxx_aggregate_default_initializers
    Feature record: CXX_FEATURE:1cxx_alias_templates
    Feature record: CXX_FEATURE:1cxx_alignas
    Feature record: CXX_FEATURE:1cxx_alignof
    Feature record: CXX_FEATURE:1cxx_attributes
    Feature record: CXX_FEATURE:0cxx_attribute_deprecated
    Feature record: CXX_FEATURE:1cxx_auto_type
    Feature record: CXX_FEATURE:0cxx_binary_literals
    Feature record: CXX_FEATURE:1cxx_constexpr
    Feature record: CXX_FEATURE:0cxx_contextual_conversions
    Feature record: CXX_FEATURE:1cxx_decltype
    Feature record: CXX_FEATURE:0cxx_decltype_auto
    Feature record: CXX_FEATURE:1cxx_decltype_incomplete_return_types
    Feature record: CXX_FEATURE:1cxx_default_function_template_args
    Feature record: CXX_FEATURE:1cxx_defaulted_functions
    Feature record: CXX_FEATURE:1cxx_defaulted_move_initializers
    Feature record: CXX_FEATURE:1cxx_delegating_constructors
    Feature record: CXX_FEATURE:1cxx_deleted_functions
    Feature record: CXX_FEATURE:0cxx_digit_separators
    Feature record: CXX_FEATURE:1cxx_enum_forward_declarations
    Feature record: CXX_FEATURE:1cxx_explicit_conversions
    Feature record: CXX_FEATURE:1cxx_extended_friend_declarations
    Feature record: CXX_FEATURE:1cxx_extern_templates
    Feature record: CXX_FEATURE:1cxx_final
    Feature record: CXX_FEATURE:1cxx_func_identifier
    Feature record: CXX_FEATURE:1cxx_generalized_initializers
    Feature record: CXX_FEATURE:0cxx_generic_lambdas
    Feature record: CXX_FEATURE:1cxx_inheriting_constructors
    Feature record: CXX_FEATURE:1cxx_inline_namespaces
    Feature record: CXX_FEATURE:1cxx_lambdas
    Feature record: CXX_FEATURE:0cxx_lambda_init_captures
    Feature record: CXX_FEATURE:1cxx_local_type_template_args
    Feature record: CXX_FEATURE:1cxx_long_long_type
    Feature record: CXX_FEATURE:1cxx_noexcept
    Feature record: CXX_FEATURE:1cxx_nonstatic_member_init
    Feature record: CXX_FEATURE:1cxx_nullptr
    Feature record: CXX_FEATURE:1cxx_override
    Feature record: CXX_FEATURE:1cxx_range_for
    Feature record: CXX_FEATURE:1cxx_raw_string_literals
    Feature record: CXX_FEATURE:1cxx_reference_qualified_functions
    Feature record: CXX_FEATURE:0cxx_relaxed_constexpr
    Feature record: CXX_FEATURE:0cxx_return_type_deduction
    Feature record: CXX_FEATURE:1cxx_right_angle_brackets
    Feature record: CXX_FEATURE:1cxx_rvalue_references
    Feature record: CXX_FEATURE:1cxx_sizeof_member
    Feature record: CXX_FEATURE:1cxx_static_assert
    Feature record: CXX_FEATURE:1cxx_strong_enums
    Feature record: CXX_FEATURE:1cxx_template_template_parameters
    Feature record: CXX_FEATURE:1cxx_thread_local
    Feature record: CXX_FEATURE:1cxx_trailing_return_types
    Feature record: CXX_FEATURE:1cxx_unicode_literals
    Feature record: CXX_FEATURE:1cxx_uniform_initialization
    Feature record: CXX_FEATURE:1cxx_unrestricted_unions
    Feature record: CXX_FEATURE:1cxx_user_literals
    Feature record: CXX_FEATURE:0cxx_variable_templates
    Feature record: CXX_FEATURE:1cxx_variadic_macros
    Feature record: CXX_FEATURE:1cxx_variadic_templates


Detecting CXX [-std=c++98] compiler features compiled with the following output:
Change Dir: /home/sathvik/hpcc/HPCC-Platform/build/CMakeFiles/CMakeTmp

Run Build Command(s):/usr/bin/make cmTC_f5b4b/fast 
/usr/bin/make -f CMakeFiles/cmTC_f5b4b.dir/build.make CMakeFiles/cmTC_f5b4b.dir/build
make[1]: Entering directory '/home/sathvik/hpcc/HPCC-Platform/build/CMakeFiles/CMakeTmp'
Building CXX object CMakeFiles/cmTC_f5b4b.dir/feature_tests.cxx.o
/usr/bin/c++    -std=c++98 -o CMakeFiles/cmTC_f5b4b.dir/feature_tests.cxx.o -c /home/sathvik/hpcc/HPCC-Platform/build/CMakeFiles/feature_tests.cxx
Linking CXX executable cmTC_f5b4b
/usr/local/bin/cmake -E cmake_link_script CMakeFiles/cmTC_f5b4b.dir/link.txt --verbose=1
/usr/bin/c++       -rdynamic CMakeFiles/cmTC_f5b4b.dir/feature_tests.cxx.o  -o cmTC_f5b4b 
make[1]: Leaving directory '/home/sathvik/hpcc/HPCC-Platform/build/CMakeFiles/CMakeTmp'


    Feature record: CXX_FEATURE:0cxx_aggregate_default_initializers
    Feature record: CXX_FEATURE:0cxx_alias_templates
    Feature record: CXX_FEATURE:0cxx_alignas
    Feature record: CXX_FEATURE:0cxx_alignof
    Feature record: CXX_FEATURE:0cxx_attributes
    Feature record: CXX_FEATURE:0cxx_attribute_deprecated
    Feature record: CXX_FEATURE:0cxx_auto_type
    Feature record: CXX_FEATURE:0cxx_binary_literals
    Feature record: CXX_FEATURE:0cxx_constexpr
    Feature record: CXX_FEATURE:0cxx_contextual_conversions
    Feature record: CXX_FEATURE:0cxx_decltype
    Feature record: CXX_FEATURE:0cxx_decltype_auto
    Feature record: CXX_FEATURE:0cxx_decltype_incomplete_return_types
    Feature record: CXX_FEATURE:0cxx_default_function_template_args
    Feature record: CXX_FEATURE:0cxx_defaulted_functions
    Feature record: CXX_FEATURE:0cxx_defaulted_move_initializers
    Feature record: CXX_FEATURE:0cxx_delegating_constructors
    Feature record: CXX_FEATURE:0cxx_deleted_functions
    Feature record: CXX_FEATURE:0cxx_digit_separators
    Feature record: CXX_FEATURE:0cxx_enum_forward_declarations
    Feature record: CXX_FEATURE:0cxx_explicit_conversions
    Feature record: CXX_FEATURE:0cxx_extended_friend_declarations
    Feature record: CXX_FEATURE:0cxx_extern_templates
    Feature record: CXX_FEATURE:0cxx_final
    Feature record: CXX_FEATURE:0cxx_func_identifier
    Feature record: CXX_FEATURE:0cxx_generalized_initializers
    Feature record: CXX_FEATURE:0cxx_generic_lambdas
    Feature record: CXX_FEATURE:0cxx_inheriting_constructors
    Feature record: CXX_FEATURE:0cxx_inline_namespaces
    Feature record: CXX_FEATURE:0cxx_lambdas
    Feature record: CXX_FEATURE:0cxx_lambda_init_captures
    Feature record: CXX_FEATURE:0cxx_local_type_template_args
    Feature record: CXX_FEATURE:0cxx_long_long_type
    Feature record: CXX_FEATURE:0cxx_noexcept
    Feature record: CXX_FEATURE:0cxx_nonstatic_member_init
    Feature record: CXX_FEATURE:0cxx_nullptr
    Feature record: CXX_FEATURE:0cxx_override
    Feature record: CXX_FEATURE:0cxx_range_for
    Feature record: CXX_FEATURE:0cxx_raw_string_literals
    Feature record: CXX_FEATURE:0cxx_reference_qualified_functions
    Feature record: CXX_FEATURE:0cxx_relaxed_constexpr
    Feature record: CXX_FEATURE:0cxx_return_type_deduction
    Feature record: CXX_FEATURE:0cxx_right_angle_brackets
    Feature record: CXX_FEATURE:0cxx_rvalue_references
    Feature record: CXX_FEATURE:0cxx_sizeof_member
    Feature record: CXX_FEATURE:0cxx_static_assert
    Feature record: CXX_FEATURE:0cxx_strong_enums
    Feature record: CXX_FEATURE:1cxx_template_template_parameters
    Feature record: CXX_FEATURE:0cxx_thread_local
    Feature record: CXX_FEATURE:0cxx_trailing_return_types
    Feature record: CXX_FEATURE:0cxx_unicode_literals
    Feature record: CXX_FEATURE:0cxx_uniform_initialization
    Feature record: CXX_FEATURE:0cxx_unrestricted_unions
    Feature record: CXX_FEATURE:0cxx_user_literals
    Feature record: CXX_FEATURE:0cxx_variable_templates
    Feature record: CXX_FEATURE:0cxx_variadic_macros
    Feature record: CXX_FEATURE:0cxx_variadic_templates
Determining if the include file pthread.h exists passed with the following output:
Change Dir: /home/sathvik/hpcc/HPCC-Platform/build/CMakeFiles/CMakeTmp

Run Build Command(s):/usr/bin/make cmTC_b1285/fast 
/usr/bin/make -f CMakeFiles/cmTC_b1285.dir/build.make CMakeFiles/cmTC_b1285.dir/build
make[1]: Entering directory '/home/sathvik/hpcc/HPCC-Platform/build/CMakeFiles/CMakeTmp'
Building C object CMakeFiles/cmTC_b1285.dir/CheckIncludeFile.c.o
/usr/bin/cc    -o CMakeFiles/cmTC_b1285.dir/CheckIncludeFile.c.o   -c /home/sathvik/hpcc/HPCC-Platform/build/CMakeFiles/CMakeTmp/CheckIncludeFile.c
Linking C executable cmTC_b1285
/usr/local/bin/cmake -E cmake_link_script CMakeFiles/cmTC_b1285.dir/link.txt --verbose=1
/usr/bin/cc      CMakeFiles/cmTC_b1285.dir/CheckIncludeFile.c.o  -o cmTC_b1285 
make[1]: Leaving directory '/home/sathvik/hpcc/HPCC-Platform/build/CMakeFiles/CMakeTmp'


Determining if the function pthread_create exists in the pthread passed with the following output:
Change Dir: /home/sathvik/hpcc/HPCC-Platform/build/CMakeFiles/CMakeTmp

Run Build Command(s):/usr/bin/make cmTC_ec0ab/fast 
/usr/bin/make -f CMakeFiles/cmTC_ec0ab.dir/build.make CMakeFiles/cmTC_ec0ab.dir/build
make[1]: Entering directory '/home/sathvik/hpcc/HPCC-Platform/build/CMakeFiles/CMakeTmp'
Building C object CMakeFiles/cmTC_ec0ab.dir/CheckFunctionExists.c.o
/usr/bin/cc   -DCHECK_FUNCTION_EXISTS=pthread_create   -o CMakeFiles/cmTC_ec0ab.dir/CheckFunctionExists.c.o   -c /usr/local/share/cmake-3.14/Modules/CheckFunctionExists.c
Linking C executable cmTC_ec0ab
/usr/local/bin/cmake -E cmake_link_script CMakeFiles/cmTC_ec0ab.dir/link.txt --verbose=1
/usr/bin/cc  -DCHECK_FUNCTION_EXISTS=pthread_create    CMakeFiles/cmTC_ec0ab.dir/CheckFunctionExists.c.o  -o cmTC_ec0ab -lpthread 
make[1]: Leaving directory '/home/sathvik/hpcc/HPCC-Platform/build/CMakeFiles/CMakeTmp'


Determining if the function dlopen exists in the dl passed with the following output:
Change Dir: /home/sathvik/hpcc/HPCC-Platform/build/CMakeFiles/CMakeTmp

Run Build Command(s):/usr/bin/make cmTC_8f47b/fast 
/usr/bin/make -f CMakeFiles/cmTC_8f47b.dir/build.make CMakeFiles/cmTC_8f47b.dir/build
make[1]: Entering directory '/home/sathvik/hpcc/HPCC-Platform/build/CMakeFiles/CMakeTmp'
Building C object CMakeFiles/cmTC_8f47b.dir/CheckFunctionExists.c.o
/usr/bin/cc   -DCHECK_FUNCTION_EXISTS=dlopen   -o CMakeFiles/cmTC_8f47b.dir/CheckFunctionExists.c.o   -c /usr/local/share/cmake-3.14/Modules/CheckFunctionExists.c
Linking C executable cmTC_8f47b
/usr/local/bin/cmake -E cmake_link_script CMakeFiles/cmTC_8f47b.dir/link.txt --verbose=1
/usr/bin/cc  -DCHECK_FUNCTION_EXISTS=dlopen    CMakeFiles/cmTC_8f47b.dir/CheckFunctionExists.c.o  -o cmTC_8f47b -ldl 
make[1]: Leaving directory '/home/sathvik/hpcc/HPCC-Platform/build/CMakeFiles/CMakeTmp'


Determining if the function crypt exists in the crypt passed with the following output:
Change Dir: /home/sathvik/hpcc/HPCC-Platform/build/CMakeFiles/CMakeTmp

Run Build Command(s):/usr/bin/make cmTC_13ad7/fast 
/usr/bin/make -f CMakeFiles/cmTC_13ad7.dir/build.make CMakeFiles/cmTC_13ad7.dir/build
make[1]: Entering directory '/home/sathvik/hpcc/HPCC-Platform/build/CMakeFiles/CMakeTmp'
Building C object CMakeFiles/cmTC_13ad7.dir/CheckFunctionExists.c.o
/usr/bin/cc   -DCHECK_FUNCTION_EXISTS=crypt   -o CMakeFiles/cmTC_13ad7.dir/CheckFunctionExists.c.o   -c /usr/local/share/cmake-3.14/Modules/CheckFunctionExists.c
Linking C executable cmTC_13ad7
/usr/local/bin/cmake -E cmake_link_script CMakeFiles/cmTC_13ad7.dir/link.txt --verbose=1
/usr/bin/cc  -DCHECK_FUNCTION_EXISTS=crypt    CMakeFiles/cmTC_13ad7.dir/CheckFunctionExists.c.o  -o cmTC_13ad7 -lcrypt 
make[1]: Leaving directory '/home/sathvik/hpcc/HPCC-Platform/build/CMakeFiles/CMakeTmp'


Determining if the CXX compiler accepts the flag -std=c++11 passed with the following output:
Change Dir: /home/sathvik/hpcc/HPCC-Platform/build/CMakeFiles/CMakeTmp

Run Build Command(s):/usr/bin/make cmTC_fc9d2/fast 
/usr/bin/make -f CMakeFiles/cmTC_fc9d2.dir/build.make CMakeFiles/cmTC_fc9d2.dir/build
make[1]: Entering directory '/home/sathvik/hpcc/HPCC-Platform/build/CMakeFiles/CMakeTmp'
Building CXX object CMakeFiles/cmTC_fc9d2.dir/DummyCXXFile.cxx.o
/usr/bin/c++    -frtti -fPIC -fmessage-length=0 -Werror=format -Wformat-security -Wformat-nonliteral -pthread -Wuninitialized -Werror=return-type -Werror=format-nonliteral -Wno-psabi -Wparentheses -std=c++11 -std=c++11   -o CMakeFiles/cmTC_fc9d2.dir/DummyCXXFile.cxx.o -c /usr/local/share/cmake-3.14/Modules/DummyCXXFile.cxx
Linking CXX executable cmTC_fc9d2
/usr/local/bin/cmake -E cmake_link_script CMakeFiles/cmTC_fc9d2.dir/link.txt --verbose=1
/usr/bin/c++   -frtti -fPIC -fmessage-length=0 -Werror=format -Wformat-security -Wformat-nonliteral -pthread -Wuninitialized -Werror=return-type -Werror=format-nonliteral -Wno-psabi -Wparentheses -std=c++11 -std=c++11    -rdynamic CMakeFiles/cmTC_fc9d2.dir/DummyCXXFile.cxx.o  -o cmTC_fc9d2 
make[1]: Leaving directory '/home/sathvik/hpcc/HPCC-Platform/build/CMakeFiles/CMakeTmp'


Performing C++ SOURCE FILE Test HAVE_UNORDERED_MAP succeeded with the following output:
Change Dir: /home/sathvik/hpcc/HPCC-Platform/build/CMakeFiles/CMakeTmp

Run Build Command(s):/usr/bin/make cmTC_d5f1b/fast 
/usr/bin/make -f CMakeFiles/cmTC_d5f1b.dir/build.make CMakeFiles/cmTC_d5f1b.dir/build
make[1]: Entering directory '/home/sathvik/hpcc/HPCC-Platform/build/CMakeFiles/CMakeTmp'
Building CXX object CMakeFiles/cmTC_d5f1b.dir/src.cxx.o
/usr/bin/c++    -frtti -fPIC -fmessage-length=0 -Werror=format -Wformat-security -Wformat-nonliteral -pthread -Wuninitialized -Werror=return-type -Werror=format-nonliteral -Wno-psabi -Wparentheses -std=c++11 -DHAVE_UNORDERED_MAP  -std=c++11   -o CMakeFiles/cmTC_d5f1b.dir/src.cxx.o -c /home/sathvik/hpcc/HPCC-Platform/build/CMakeFiles/CMakeTmp/src.cxx
Linking CXX executable cmTC_d5f1b
/usr/local/bin/cmake -E cmake_link_script CMakeFiles/cmTC_d5f1b.dir/link.txt --verbose=1
/usr/bin/c++   -frtti -fPIC -fmessage-length=0 -Werror=format -Wformat-security -Wformat-nonliteral -pthread -Wuninitialized -Werror=return-type -Werror=format-nonliteral -Wno-psabi -Wparentheses -std=c++11 -DHAVE_UNORDERED_MAP  -std=c++11    -rdynamic CMakeFiles/cmTC_d5f1b.dir/src.cxx.o  -o cmTC_d5f1b 
make[1]: Leaving directory '/home/sathvik/hpcc/HPCC-Platform/build/CMakeFiles/CMakeTmp'

Source file was:

      #include <unordered_map>
      int main() {
        std::unordered_map<int,int> m;
        return m.find(42) == m.end();
      }
      
Performing C++ SOURCE FILE Test HAVE_HASH_FUNC_HEADER succeeded with the following output:
Change Dir: /home/sathvik/hpcc/HPCC-Platform/build/CMakeFiles/CMakeTmp

Run Build Command(s):/usr/bin/make cmTC_b4f1d/fast 
/usr/bin/make -f CMakeFiles/cmTC_b4f1d.dir/build.make CMakeFiles/cmTC_b4f1d.dir/build
make[1]: Entering directory '/home/sathvik/hpcc/HPCC-Platform/build/CMakeFiles/CMakeTmp'
Building CXX object CMakeFiles/cmTC_b4f1d.dir/src.cxx.o
/usr/bin/c++    -frtti -fPIC -fmessage-length=0 -Werror=format -Wformat-security -Wformat-nonliteral -pthread -Wuninitialized -Werror=return-type -Werror=format-nonliteral -Wno-psabi -Wparentheses -std=c++11 -DHAVE_HASH_FUNC_HEADER  -std=c++11   -o CMakeFiles/cmTC_b4f1d.dir/src.cxx.o -c /home/sathvik/hpcc/HPCC-Platform/build/CMakeFiles/CMakeTmp/src.cxx
Linking CXX executable cmTC_b4f1d
/usr/local/bin/cmake -E cmake_link_script CMakeFiles/cmTC_b4f1d.dir/link.txt --verbose=1
/usr/bin/c++   -frtti -fPIC -fmessage-length=0 -Werror=format -Wformat-security -Wformat-nonliteral -pthread -Wuninitialized -Werror=return-type -Werror=format-nonliteral -Wno-psabi -Wparentheses -std=c++11 -DHAVE_HASH_FUNC_HEADER  -std=c++11    -rdynamic CMakeFiles/cmTC_b4f1d.dir/src.cxx.o  -o cmTC_b4f1d 
make[1]: Leaving directory '/home/sathvik/hpcc/HPCC-Platform/build/CMakeFiles/CMakeTmp'

Source file was:

    #include <functional>
    int main() { int x = std::hash<int>()(42); }
    
Determining if the include file inttypes.h exists passed with the following output:
Change Dir: /home/sathvik/hpcc/HPCC-Platform/build/CMakeFiles/CMakeTmp

Run Build Command(s):/usr/bin/make cmTC_e483f/fast 
/usr/bin/make -f CMakeFiles/cmTC_e483f.dir/build.make CMakeFiles/cmTC_e483f.dir/build
make[1]: Entering directory '/home/sathvik/hpcc/HPCC-Platform/build/CMakeFiles/CMakeTmp'
Building C object CMakeFiles/cmTC_e483f.dir/CheckIncludeFile.c.o
/usr/bin/cc   -D_GNU_SOURCE    -o CMakeFiles/cmTC_e483f.dir/CheckIncludeFile.c.o   -c /home/sathvik/hpcc/HPCC-Platform/build/CMakeFiles/CMakeTmp/CheckIncludeFile.c
Linking C executable cmTC_e483f
/usr/local/bin/cmake -E cmake_link_script CMakeFiles/cmTC_e483f.dir/link.txt --verbose=1
/usr/bin/cc  -D_GNU_SOURCE     CMakeFiles/cmTC_e483f.dir/CheckIncludeFile.c.o  -o cmTC_e483f 
make[1]: Leaving directory '/home/sathvik/hpcc/HPCC-Platform/build/CMakeFiles/CMakeTmp'


Determining if the include file stdint.h exists passed with the following output:
Change Dir: /home/sathvik/hpcc/HPCC-Platform/build/CMakeFiles/CMakeTmp

Run Build Command(s):/usr/bin/make cmTC_bddce/fast 
/usr/bin/make -f CMakeFiles/cmTC_bddce.dir/build.make CMakeFiles/cmTC_bddce.dir/build
make[1]: Entering directory '/home/sathvik/hpcc/HPCC-Platform/build/CMakeFiles/CMakeTmp'
Building C object CMakeFiles/cmTC_bddce.dir/CheckIncludeFile.c.o
/usr/bin/cc   -D_GNU_SOURCE    -o CMakeFiles/cmTC_bddce.dir/CheckIncludeFile.c.o   -c /home/sathvik/hpcc/HPCC-Platform/build/CMakeFiles/CMakeTmp/CheckIncludeFile.c
Linking C executable cmTC_bddce
/usr/local/bin/cmake -E cmake_link_script CMakeFiles/cmTC_bddce.dir/link.txt --verbose=1
/usr/bin/cc  -D_GNU_SOURCE     CMakeFiles/cmTC_bddce.dir/CheckIncludeFile.c.o  -o cmTC_bddce 
make[1]: Leaving directory '/home/sathvik/hpcc/HPCC-Platform/build/CMakeFiles/CMakeTmp'


Determining if the include file sys/types.h exists passed with the following output:
Change Dir: /home/sathvik/hpcc/HPCC-Platform/build/CMakeFiles/CMakeTmp

Run Build Command(s):/usr/bin/make cmTC_822b5/fast 
/usr/bin/make -f CMakeFiles/cmTC_822b5.dir/build.make CMakeFiles/cmTC_822b5.dir/build
make[1]: Entering directory '/home/sathvik/hpcc/HPCC-Platform/build/CMakeFiles/CMakeTmp'
Building C object CMakeFiles/cmTC_822b5.dir/CheckIncludeFile.c.o
/usr/bin/cc   -D_GNU_SOURCE    -o CMakeFiles/cmTC_822b5.dir/CheckIncludeFile.c.o   -c /home/sathvik/hpcc/HPCC-Platform/build/CMakeFiles/CMakeTmp/CheckIncludeFile.c
Linking C executable cmTC_822b5
/usr/local/bin/cmake -E cmake_link_script CMakeFiles/cmTC_822b5.dir/link.txt --verbose=1
/usr/bin/cc  -D_GNU_SOURCE     CMakeFiles/cmTC_822b5.dir/CheckIncludeFile.c.o  -o cmTC_822b5 
make[1]: Leaving directory '/home/sathvik/hpcc/HPCC-Platform/build/CMakeFiles/CMakeTmp'


Determining if the function memcpy exists passed with the following output:
Change Dir: /home/sathvik/hpcc/HPCC-Platform/build/CMakeFiles/CMakeTmp

Run Build Command(s):/usr/bin/make cmTC_30699/fast 
/usr/bin/make -f CMakeFiles/cmTC_30699.dir/build.make CMakeFiles/cmTC_30699.dir/build
make[1]: Entering directory '/home/sathvik/hpcc/HPCC-Platform/build/CMakeFiles/CMakeTmp'
Building C object CMakeFiles/cmTC_30699.dir/CheckFunctionExists.c.o
/usr/bin/cc   -D_GNU_SOURCE -DCHECK_FUNCTION_EXISTS=memcpy   -o CMakeFiles/cmTC_30699.dir/CheckFunctionExists.c.o   -c /usr/local/share/cmake-3.14/Modules/CheckFunctionExists.c
<command-line>:0:23: warning: conflicting types for built-in function memcpy [-Wbuiltin-declaration-mismatch]
/usr/local/share/cmake-3.14/Modules/CheckFunctionExists.c:7:3: note: in expansion of macro CHECK_FUNCTION_EXISTS
   CHECK_FUNCTION_EXISTS(void);
   ^~~~~~~~~~~~~~~~~~~~~
Linking C executable cmTC_30699
/usr/local/bin/cmake -E cmake_link_script CMakeFiles/cmTC_30699.dir/link.txt --verbose=1
/usr/bin/cc  -D_GNU_SOURCE -DCHECK_FUNCTION_EXISTS=memcpy    -rdynamic CMakeFiles/cmTC_30699.dir/CheckFunctionExists.c.o  -o cmTC_30699 
make[1]: Leaving directory '/home/sathvik/hpcc/HPCC-Platform/build/CMakeFiles/CMakeTmp'


Determining if the include file stddef.h exists passed with the following output:
Change Dir: /home/sathvik/hpcc/HPCC-Platform/build/CMakeFiles/CMakeTmp

Run Build Command(s):/usr/bin/make cmTC_8de2a/fast 
/usr/bin/make -f CMakeFiles/cmTC_8de2a.dir/build.make CMakeFiles/cmTC_8de2a.dir/build
make[1]: Entering directory '/home/sathvik/hpcc/HPCC-Platform/build/CMakeFiles/CMakeTmp'
Building C object CMakeFiles/cmTC_8de2a.dir/CheckIncludeFile.c.o
/usr/bin/cc   -D_GNU_SOURCE    -o CMakeFiles/cmTC_8de2a.dir/CheckIncludeFile.c.o   -c /home/sathvik/hpcc/HPCC-Platform/build/CMakeFiles/CMakeTmp/CheckIncludeFile.c
Linking C executable cmTC_8de2a
/usr/local/bin/cmake -E cmake_link_script CMakeFiles/cmTC_8de2a.dir/link.txt --verbose=1
/usr/bin/cc  -D_GNU_SOURCE     CMakeFiles/cmTC_8de2a.dir/CheckIncludeFile.c.o  -o cmTC_8de2a 
make[1]: Leaving directory '/home/sathvik/hpcc/HPCC-Platform/build/CMakeFiles/CMakeTmp'


Determining size of long long passed with the following output:
Change Dir: /home/sathvik/hpcc/HPCC-Platform/build/CMakeFiles/CMakeTmp

Run Build Command(s):/usr/bin/make cmTC_0110d/fast 
/usr/bin/make -f CMakeFiles/cmTC_0110d.dir/build.make CMakeFiles/cmTC_0110d.dir/build
make[1]: Entering directory '/home/sathvik/hpcc/HPCC-Platform/build/CMakeFiles/CMakeTmp'
Building C object CMakeFiles/cmTC_0110d.dir/LONG_LONG.c.o
/usr/bin/cc   -D_GNU_SOURCE    -o CMakeFiles/cmTC_0110d.dir/LONG_LONG.c.o   -c /home/sathvik/hpcc/HPCC-Platform/build/CMakeFiles/CheckTypeSize/LONG_LONG.c
Linking C executable cmTC_0110d
/usr/local/bin/cmake -E cmake_link_script CMakeFiles/cmTC_0110d.dir/link.txt --verbose=1
/usr/bin/cc  -D_GNU_SOURCE     -rdynamic CMakeFiles/cmTC_0110d.dir/LONG_LONG.c.o  -o cmTC_0110d 
make[1]: Leaving directory '/home/sathvik/hpcc/HPCC-Platform/build/CMakeFiles/CMakeTmp'


Determining size of uint16_t passed with the following output:
Change Dir: /home/sathvik/hpcc/HPCC-Platform/build/CMakeFiles/CMakeTmp

Run Build Command(s):/usr/bin/make cmTC_9f085/fast 
/usr/bin/make -f CMakeFiles/cmTC_9f085.dir/build.make CMakeFiles/cmTC_9f085.dir/build
make[1]: Entering directory '/home/sathvik/hpcc/HPCC-Platform/build/CMakeFiles/CMakeTmp'
Building C object CMakeFiles/cmTC_9f085.dir/UINT16_T.c.o
/usr/bin/cc   -D_GNU_SOURCE    -o CMakeFiles/cmTC_9f085.dir/UINT16_T.c.o   -c /home/sathvik/hpcc/HPCC-Platform/build/CMakeFiles/CheckTypeSize/UINT16_T.c
Linking C executable cmTC_9f085
/usr/local/bin/cmake -E cmake_link_script CMakeFiles/cmTC_9f085.dir/link.txt --verbose=1
/usr/bin/cc  -D_GNU_SOURCE     -rdynamic CMakeFiles/cmTC_9f085.dir/UINT16_T.c.o  -o cmTC_9f085 
make[1]: Leaving directory '/home/sathvik/hpcc/HPCC-Platform/build/CMakeFiles/CMakeTmp'


Determining size of u_int16_t passed with the following output:
Change Dir: /home/sathvik/hpcc/HPCC-Platform/build/CMakeFiles/CMakeTmp

Run Build Command(s):/usr/bin/make cmTC_b1287/fast 
/usr/bin/make -f CMakeFiles/cmTC_b1287.dir/build.make CMakeFiles/cmTC_b1287.dir/build
make[1]: Entering directory '/home/sathvik/hpcc/HPCC-Platform/build/CMakeFiles/CMakeTmp'
Building C object CMakeFiles/cmTC_b1287.dir/U_INT16_T.c.o
/usr/bin/cc   -D_GNU_SOURCE    -o CMakeFiles/cmTC_b1287.dir/U_INT16_T.c.o   -c /home/sathvik/hpcc/HPCC-Platform/build/CMakeFiles/CheckTypeSize/U_INT16_T.c
Linking C executable cmTC_b1287
/usr/local/bin/cmake -E cmake_link_script CMakeFiles/cmTC_b1287.dir/link.txt --verbose=1
/usr/bin/cc  -D_GNU_SOURCE     -rdynamic CMakeFiles/cmTC_b1287.dir/U_INT16_T.c.o  -o cmTC_b1287 
make[1]: Leaving directory '/home/sathvik/hpcc/HPCC-Platform/build/CMakeFiles/CMakeTmp'


Determining size of __uint16_t passed with the following output:
Change Dir: /home/sathvik/hpcc/HPCC-Platform/build/CMakeFiles/CMakeTmp

Run Build Command(s):/usr/bin/make cmTC_9857e/fast 
/usr/bin/make -f CMakeFiles/cmTC_9857e.dir/build.make CMakeFiles/cmTC_9857e.dir/build
make[1]: Entering directory '/home/sathvik/hpcc/HPCC-Platform/build/CMakeFiles/CMakeTmp'
Building C object CMakeFiles/cmTC_9857e.dir/__UINT16_T.c.o
/usr/bin/cc   -D_GNU_SOURCE    -o CMakeFiles/cmTC_9857e.dir/__UINT16_T.c.o   -c /home/sathvik/hpcc/HPCC-Platform/build/CMakeFiles/CheckTypeSize/__UINT16_T.c
Linking C executable cmTC_9857e
/usr/local/bin/cmake -E cmake_link_script CMakeFiles/cmTC_9857e.dir/link.txt --verbose=1
/usr/bin/cc  -D_GNU_SOURCE     -rdynamic CMakeFiles/cmTC_9857e.dir/__UINT16_T.c.o  -o cmTC_9857e 
make[1]: Leaving directory '/home/sathvik/hpcc/HPCC-Platform/build/CMakeFiles/CMakeTmp'


Determining if the GRND_NONBLOCK exist passed with the following output:
Change Dir: /home/sathvik/hpcc/HPCC-Platform/build/CMakeFiles/CMakeTmp

Run Build Command(s):/usr/bin/make cmTC_fd620/fast 
/usr/bin/make -f CMakeFiles/cmTC_fd620.dir/build.make CMakeFiles/cmTC_fd620.dir/build
make[1]: Entering directory '/home/sathvik/hpcc/HPCC-Platform/build/CMakeFiles/CMakeTmp'
Building C object CMakeFiles/cmTC_fd620.dir/CheckSymbolExists.c.o
/usr/bin/cc   -D_GNU_SOURCE    -o CMakeFiles/cmTC_fd620.dir/CheckSymbolExists.c.o   -c /home/sathvik/hpcc/HPCC-Platform/build/CMakeFiles/CMakeTmp/CheckSymbolExists.c
Linking C executable cmTC_fd620
/usr/local/bin/cmake -E cmake_link_script CMakeFiles/cmTC_fd620.dir/link.txt --verbose=1
/usr/bin/cc  -D_GNU_SOURCE     CMakeFiles/cmTC_fd620.dir/CheckSymbolExists.c.o  -o cmTC_fd620 
make[1]: Leaving directory '/home/sathvik/hpcc/HPCC-Platform/build/CMakeFiles/CMakeTmp'

File /home/sathvik/hpcc/HPCC-Platform/build/CMakeFiles/CMakeTmp/CheckSymbolExists.c:
/* */
#include <linux/random.h>

int main(int argc, char** argv)
{
  (void)argv;
#ifndef GRND_NONBLOCK
  return ((int*)(&GRND_NONBLOCK))[argc];
#else
  (void)argc;
  return 0;
#endif
}

Determining if the timerfd_create exist passed with the following output:
Change Dir: /home/sathvik/hpcc/HPCC-Platform/build/CMakeFiles/CMakeTmp

Run Build Command(s):/usr/bin/make cmTC_52038/fast 
/usr/bin/make -f CMakeFiles/cmTC_52038.dir/build.make CMakeFiles/cmTC_52038.dir/build
make[1]: Entering directory '/home/sathvik/hpcc/HPCC-Platform/build/CMakeFiles/CMakeTmp'
Building C object CMakeFiles/cmTC_52038.dir/CheckSymbolExists.c.o
/usr/bin/cc   -D_GNU_SOURCE    -o CMakeFiles/cmTC_52038.dir/CheckSymbolExists.c.o   -c /home/sathvik/hpcc/HPCC-Platform/build/CMakeFiles/CMakeTmp/CheckSymbolExists.c
Linking C executable cmTC_52038
/usr/local/bin/cmake -E cmake_link_script CMakeFiles/cmTC_52038.dir/link.txt --verbose=1
/usr/bin/cc  -D_GNU_SOURCE     CMakeFiles/cmTC_52038.dir/CheckSymbolExists.c.o  -o cmTC_52038 
make[1]: Leaving directory '/home/sathvik/hpcc/HPCC-Platform/build/CMakeFiles/CMakeTmp'

File /home/sathvik/hpcc/HPCC-Platform/build/CMakeFiles/CMakeTmp/CheckSymbolExists.c:
/* */
#include <sys/timerfd.h>

int main(int argc, char** argv)
{
  (void)argv;
#ifndef timerfd_create
  return ((int*)(&timerfd_create))[argc];
#else
  (void)argc;
  return 0;
#endif
}

Determining if the sigtimedwait exist passed with the following output:
Change Dir: /home/sathvik/hpcc/HPCC-Platform/build/CMakeFiles/CMakeTmp

Run Build Command(s):/usr/bin/make cmTC_0848c/fast 
/usr/bin/make -f CMakeFiles/cmTC_0848c.dir/build.make CMakeFiles/cmTC_0848c.dir/build
make[1]: Entering directory '/home/sathvik/hpcc/HPCC-Platform/build/CMakeFiles/CMakeTmp'
Building C object CMakeFiles/cmTC_0848c.dir/CheckSymbolExists.c.o
/usr/bin/cc   -D_GNU_SOURCE    -o CMakeFiles/cmTC_0848c.dir/CheckSymbolExists.c.o   -c /home/sathvik/hpcc/HPCC-Platform/build/CMakeFiles/CMakeTmp/CheckSymbolExists.c
Linking C executable cmTC_0848c
/usr/local/bin/cmake -E cmake_link_script CMakeFiles/cmTC_0848c.dir/link.txt --verbose=1
/usr/bin/cc  -D_GNU_SOURCE     CMakeFiles/cmTC_0848c.dir/CheckSymbolExists.c.o  -o cmTC_0848c 
make[1]: Leaving directory '/home/sathvik/hpcc/HPCC-Platform/build/CMakeFiles/CMakeTmp'

File /home/sathvik/hpcc/HPCC-Platform/build/CMakeFiles/CMakeTmp/CheckSymbolExists.c:
/* */
#include <signal.h>

int main(int argc, char** argv)
{
  (void)argv;
#ifndef sigtimedwait
  return ((int*)(&sigtimedwait))[argc];
#else
  (void)argc;
  return 0;
#endif
}

Performing C++ SOURCE FILE Test HAVE_BUILTIN_BSWAP32 succeeded with the following output:
Change Dir: /home/sathvik/hpcc/HPCC-Platform/build/CMakeFiles/CMakeTmp

Run Build Command(s):/usr/bin/make cmTC_5fe9d/fast 
/usr/bin/make -f CMakeFiles/cmTC_5fe9d.dir/build.make CMakeFiles/cmTC_5fe9d.dir/build
make[1]: Entering directory '/home/sathvik/hpcc/HPCC-Platform/build/CMakeFiles/CMakeTmp'
Building CXX object CMakeFiles/cmTC_5fe9d.dir/src.cxx.o
/usr/bin/c++    -frtti -fPIC -fmessage-length=0 -Werror=format -Wformat-security -Wformat-nonliteral -pthread -Wuninitialized -Werror=return-type -Werror=format-nonliteral -Wno-psabi -Wparentheses -std=c++11 -DHAVE_BUILTIN_BSWAP32   -o CMakeFiles/cmTC_5fe9d.dir/src.cxx.o -c /home/sathvik/hpcc/HPCC-Platform/build/CMakeFiles/CMakeTmp/src.cxx
Linking CXX executable cmTC_5fe9d
/usr/local/bin/cmake -E cmake_link_script CMakeFiles/cmTC_5fe9d.dir/link.txt --verbose=1
/usr/bin/c++   -frtti -fPIC -fmessage-length=0 -Werror=format -Wformat-security -Wformat-nonliteral -pthread -Wuninitialized -Werror=return-type -Werror=format-nonliteral -Wno-psabi -Wparentheses -std=c++11 -DHAVE_BUILTIN_BSWAP32    -rdynamic CMakeFiles/cmTC_5fe9d.dir/src.cxx.o  -o cmTC_5fe9d 
make[1]: Leaving directory '/home/sathvik/hpcc/HPCC-Platform/build/CMakeFiles/CMakeTmp'

Source file was:
int main() { return __builtin_bswap32(42); }
Performing C++ SOURCE FILE Test HAVE_BUILTIN_BSWAP64 succeeded with the following output:
Change Dir: /home/sathvik/hpcc/HPCC-Platform/build/CMakeFiles/CMakeTmp

Run Build Command(s):/usr/bin/make cmTC_38a0c/fast 
/usr/bin/make -f CMakeFiles/cmTC_38a0c.dir/build.make CMakeFiles/cmTC_38a0c.dir/build
make[1]: Entering directory '/home/sathvik/hpcc/HPCC-Platform/build/CMakeFiles/CMakeTmp'
Building CXX object CMakeFiles/cmTC_38a0c.dir/src.cxx.o
/usr/bin/c++    -frtti -fPIC -fmessage-length=0 -Werror=format -Wformat-security -Wformat-nonliteral -pthread -Wuninitialized -Werror=return-type -Werror=format-nonliteral -Wno-psabi -Wparentheses -std=c++11 -DHAVE_BUILTIN_BSWAP64   -o CMakeFiles/cmTC_38a0c.dir/src.cxx.o -c /home/sathvik/hpcc/HPCC-Platform/build/CMakeFiles/CMakeTmp/src.cxx
/home/sathvik/hpcc/HPCC-Platform/build/CMakeFiles/CMakeTmp/src.cxx: In function int main():
/home/sathvik/hpcc/HPCC-Platform/build/CMakeFiles/CMakeTmp/src.cxx:1:38: warning: overflow in implicit constant conversion [-Woverflow]
 int main() { return __builtin_bswap64(42); }
                     ~~~~~~~~~~~~~~~~~^~~~
Linking CXX executable cmTC_38a0c
/usr/local/bin/cmake -E cmake_link_script CMakeFiles/cmTC_38a0c.dir/link.txt --verbose=1
/usr/bin/c++   -frtti -fPIC -fmessage-length=0 -Werror=format -Wformat-security -Wformat-nonliteral -pthread -Wuninitialized -Werror=return-type -Werror=format-nonliteral -Wno-psabi -Wparentheses -std=c++11 -DHAVE_BUILTIN_BSWAP64    -rdynamic CMakeFiles/cmTC_38a0c.dir/src.cxx.o  -o cmTC_38a0c 
make[1]: Leaving directory '/home/sathvik/hpcc/HPCC-Platform/build/CMakeFiles/CMakeTmp'

Source file was:
int main() { return __builtin_bswap64(42); }
