Determining if the pthread_create exist failed with the following output:
Change Dir: /home/sathvik/hpcc/HPCC-Platform/plugin_build/CMakeFiles/CMakeTmp

Run Build Command(s):/usr/bin/make cmTC_15b22/fast 
/usr/bin/make -f CMakeFiles/cmTC_15b22.dir/build.make CMakeFiles/cmTC_15b22.dir/build
make[1]: Entering directory '/home/sathvik/hpcc/HPCC-Platform/plugin_build/CMakeFiles/CMakeTmp'
Building C object CMakeFiles/cmTC_15b22.dir/CheckSymbolExists.c.o
/usr/bin/cc    -o CMakeFiles/cmTC_15b22.dir/CheckSymbolExists.c.o   -c /home/sathvik/hpcc/HPCC-Platform/plugin_build/CMakeFiles/CMakeTmp/CheckSymbolExists.c
Linking C executable cmTC_15b22
/usr/local/bin/cmake -E cmake_link_script CMakeFiles/cmTC_15b22.dir/link.txt --verbose=1
/usr/bin/cc      CMakeFiles/cmTC_15b22.dir/CheckSymbolExists.c.o  -o cmTC_15b22 
CMakeFiles/cmTC_15b22.dir/CheckSymbolExists.c.o: In function `main':
CheckSymbolExists.c:(.text+0x1b): undefined reference to `pthread_create'
collect2: error: ld returned 1 exit status
CMakeFiles/cmTC_15b22.dir/build.make:86: recipe for target 'cmTC_15b22' failed
make[1]: *** [cmTC_15b22] Error 1
make[1]: Leaving directory '/home/sathvik/hpcc/HPCC-Platform/plugin_build/CMakeFiles/CMakeTmp'
Makefile:121: recipe for target 'cmTC_15b22/fast' failed
make: *** [cmTC_15b22/fast] Error 2

File /home/sathvik/hpcc/HPCC-Platform/plugin_build/CMakeFiles/CMakeTmp/CheckSymbolExists.c:
/* */
#include <pthread.h>

int main(int argc, char** argv)
{
  (void)argv;
#ifndef pthread_create
  return ((int*)(&pthread_create))[argc];
#else
  (void)argc;
  return 0;
#endif
}

Determining if the function pthread_create exists in the pthreads failed with the following output:
Change Dir: /home/sathvik/hpcc/HPCC-Platform/plugin_build/CMakeFiles/CMakeTmp

Run Build Command(s):/usr/bin/make cmTC_d2c76/fast 
/usr/bin/make -f CMakeFiles/cmTC_d2c76.dir/build.make CMakeFiles/cmTC_d2c76.dir/build
make[1]: Entering directory '/home/sathvik/hpcc/HPCC-Platform/plugin_build/CMakeFiles/CMakeTmp'
Building C object CMakeFiles/cmTC_d2c76.dir/CheckFunctionExists.c.o
/usr/bin/cc   -DCHECK_FUNCTION_EXISTS=pthread_create   -o CMakeFiles/cmTC_d2c76.dir/CheckFunctionExists.c.o   -c /usr/local/share/cmake-3.14/Modules/CheckFunctionExists.c
Linking C executable cmTC_d2c76
/usr/local/bin/cmake -E cmake_link_script CMakeFiles/cmTC_d2c76.dir/link.txt --verbose=1
/usr/bin/cc  -DCHECK_FUNCTION_EXISTS=pthread_create    CMakeFiles/cmTC_d2c76.dir/CheckFunctionExists.c.o  -o cmTC_d2c76 -lpthreads 
/usr/bin/ld: cannot find -lpthreads
collect2: error: ld returned 1 exit status
CMakeFiles/cmTC_d2c76.dir/build.make:86: recipe for target 'cmTC_d2c76' failed
make[1]: *** [cmTC_d2c76] Error 1
make[1]: Leaving directory '/home/sathvik/hpcc/HPCC-Platform/plugin_build/CMakeFiles/CMakeTmp'
Makefile:121: recipe for target 'cmTC_d2c76/fast' failed
make: *** [cmTC_d2c76/fast] Error 2


