Determining if the pthread_create exist failed with the following output:
Change Dir: /home/sathvik/hpcc/HPCC-Platform/plugin_build1/CMakeFiles/CMakeTmp

Run Build Command(s):/usr/bin/make cmTC_636cf/fast 
/usr/bin/make -f CMakeFiles/cmTC_636cf.dir/build.make CMakeFiles/cmTC_636cf.dir/build
make[1]: Entering directory '/home/sathvik/hpcc/HPCC-Platform/plugin_build1/CMakeFiles/CMakeTmp'
Building C object CMakeFiles/cmTC_636cf.dir/CheckSymbolExists.c.o
/usr/bin/cc    -o CMakeFiles/cmTC_636cf.dir/CheckSymbolExists.c.o   -c /home/sathvik/hpcc/HPCC-Platform/plugin_build1/CMakeFiles/CMakeTmp/CheckSymbolExists.c
Linking C executable cmTC_636cf
/usr/local/bin/cmake -E cmake_link_script CMakeFiles/cmTC_636cf.dir/link.txt --verbose=1
/usr/bin/cc      CMakeFiles/cmTC_636cf.dir/CheckSymbolExists.c.o  -o cmTC_636cf 
CMakeFiles/cmTC_636cf.dir/CheckSymbolExists.c.o: In function `main':
CheckSymbolExists.c:(.text+0x1b): undefined reference to `pthread_create'
collect2: error: ld returned 1 exit status
CMakeFiles/cmTC_636cf.dir/build.make:86: recipe for target 'cmTC_636cf' failed
make[1]: *** [cmTC_636cf] Error 1
make[1]: Leaving directory '/home/sathvik/hpcc/HPCC-Platform/plugin_build1/CMakeFiles/CMakeTmp'
Makefile:121: recipe for target 'cmTC_636cf/fast' failed
make: *** [cmTC_636cf/fast] Error 2

File /home/sathvik/hpcc/HPCC-Platform/plugin_build1/CMakeFiles/CMakeTmp/CheckSymbolExists.c:
/* */
#include <pthread.h>

int main(int argc, char** argv)
{
  (void)argv;
#ifndef pthread_create
  return ((int*)(&pthread_create))[argc];
#else
  (void)argc;
  return 0;
#endif
}

Determining if the function pthread_create exists in the pthreads failed with the following output:
Change Dir: /home/sathvik/hpcc/HPCC-Platform/plugin_build1/CMakeFiles/CMakeTmp

Run Build Command(s):/usr/bin/make cmTC_6d954/fast 
/usr/bin/make -f CMakeFiles/cmTC_6d954.dir/build.make CMakeFiles/cmTC_6d954.dir/build
make[1]: Entering directory '/home/sathvik/hpcc/HPCC-Platform/plugin_build1/CMakeFiles/CMakeTmp'
Building C object CMakeFiles/cmTC_6d954.dir/CheckFunctionExists.c.o
/usr/bin/cc   -DCHECK_FUNCTION_EXISTS=pthread_create   -o CMakeFiles/cmTC_6d954.dir/CheckFunctionExists.c.o   -c /usr/local/share/cmake-3.14/Modules/CheckFunctionExists.c
Linking C executable cmTC_6d954
/usr/local/bin/cmake -E cmake_link_script CMakeFiles/cmTC_6d954.dir/link.txt --verbose=1
/usr/bin/cc  -DCHECK_FUNCTION_EXISTS=pthread_create    CMakeFiles/cmTC_6d954.dir/CheckFunctionExists.c.o  -o cmTC_6d954 -lpthreads 
/usr/bin/ld: cannot find -lpthreads
collect2: error: ld returned 1 exit status
CMakeFiles/cmTC_6d954.dir/build.make:86: recipe for target 'cmTC_6d954' failed
make[1]: *** [cmTC_6d954] Error 1
make[1]: Leaving directory '/home/sathvik/hpcc/HPCC-Platform/plugin_build1/CMakeFiles/CMakeTmp'
Makefile:121: recipe for target 'cmTC_6d954/fast' failed
make: *** [cmTC_6d954/fast] Error 2


